This file contains any messages produced by compilers while
running configure, to aid debugging if configure makes a mistake.

It was created by transmission configure 2.93, which was
generated by GNU Autoconf 2.69.  Invocation command line was

  $ ./configure --disable-mac --disable-nls CPPFLAGS=-D__powerpc OPENSSL_CFLAGS=-I/opt/include OPENSSL_LIBS=-L/opt/lib -lssl -lcrypto -ldl LIBEVENT_CFLAGS=-I/opt/include LIBEVENT_LIBS=-L/opt/lib -levent ZLIB_CFLAGS=-I/opt/include ZLIB_LIBS=-L/opt/lib -lz LIBCURL_CFLAGS=-I/opt/include LIBCURL_LIBS=-L/opt/lib -lcurl

## --------- ##
## Platform. ##
## --------- ##

hostname = MyBookLive
uname -m = ppc
uname -r = 2.6.32.11-svn70860
uname -s = Linux
uname -v = #1 Thu May 17 13:32:51 PDT 2012

/usr/bin/uname -p = unknown
/bin/uname -X     = unknown

/bin/arch              = unknown
/usr/bin/arch -k       = unknown
/usr/convex/getsysinfo = unknown
/usr/bin/hostinfo      = unknown
/bin/machine           = unknown
/usr/bin/oslevel       = unknown
/bin/universe          = unknown

PATH: /usr/local/sbin
PATH: /usr/local/bin
PATH: /usr/sbin
PATH: /usr/bin
PATH: /sbin
PATH: /bin
PATH: /opt/bin
PATH: /opt/sbin


## ----------- ##
## Core tests. ##
## ----------- ##

configure:2646: checking whether make supports nested variables
configure:2663: result: yes
configure:2723: checking for a BSD-compatible install
configure:2791: result: /usr/bin/install -c
configure:2802: checking whether build environment is sane
configure:2857: result: yes
configure:3008: checking for a thread-safe mkdir -p
configure:3047: result: /bin/mkdir -p
configure:3054: checking for gawk
configure:3070: found /opt/bin/gawk
configure:3081: result: gawk
configure:3092: checking whether make sets $(MAKE)
configure:3114: result: yes
configure:3200: checking how to create a pax tar archive
configure:3211: tar --version
tar (GNU tar) 1.20
Copyright (C) 2008 Free Software Foundation, Inc.
License GPLv3+: GNU GPL version 3 or later <http://gnu.org/licenses/gpl.html>
This is free software: you are free to change and redistribute it.
There is NO WARRANTY, to the extent permitted by law.

Written by John Gilmore and Jay Fenlason.
configure:3214: $? = 0
configure:3254: tardir=conftest.dir && eval tar --format=posix -chf - "$tardir" >conftest.tar
configure:3257: $? = 0
configure:3261: tar -xf - <conftest.tar
configure:3264: $? = 0
configure:3266: cat conftest.dir/file
GrepMe
configure:3269: $? = 0
configure:3282: result: gnutar
configure:3361: checking build system type
configure:3375: result: powerpc-unknown-linux-gnu
configure:3395: checking host system type
configure:3408: result: powerpc-unknown-linux-gnu
configure:3449: checking how to print strings
configure:3476: result: printf
configure:3509: checking for style of include used by make
configure:3537: result: GNU
configure:3608: checking for gcc
configure:3624: found /opt/bin/gcc
configure:3635: result: gcc
configure:3864: checking for C compiler version
configure:3873: gcc --version >&5
gcc (GCC) 3.3.4
Copyright (C) 2003 Free Software Foundation, Inc.
This is free software; see the source for copying conditions.  There is NO
warranty; not even for MERCHANTABILITY or FITNESS FOR A PARTICULAR PURPOSE.

configure:3884: $? = 0
configure:3873: gcc -v >&5
Reading specs from /opt/powerpc/lib/gcc-lib/powerpc-603e-linux/3.3.4/specs
Configured with: /home/slug/optware/ds101g/builds/crosstool-native/build/powerpc-603e-linux/gcc-3.3.4-glibc-2.3.3/gcc-3.3.4/configure --build=i686-build_pc-linux-gnu --target=powerpc-603e-linux --host=powerpc-host_603e-linux --prefix=/opt/powerpc --with-cpu=603 --enable-cxx-flags=-mcpu=603 --with-headers=/opt/powerpc/powerpc-603e-linux/include --with-local-prefix=/opt/powerpc/powerpc-603e-linux --disable-nls --enable-threads=posix --enable-symvers=gnu --enable-__cxa_atexit --enable-languages=c,c++ --enable-shared --enable-c99 --enable-long-long
Thread model: posix
gcc version 3.3.4
configure:3884: $? = 0
configure:3873: gcc -V >&5
gcc: `-V' option must have argument
configure:3884: $? = 1
configure:3873: gcc -qversion >&5
gcc: unrecognized option `-qversion'
gcc: no input files
configure:3884: $? = 1
configure:3904: checking whether the C compiler works
configure:3926: gcc  -D__powerpc  conftest.c  >&5
configure:3930: $? = 0
configure:3978: result: yes
configure:3981: checking for C compiler default output file name
configure:3983: result: a.out
configure:3989: checking for suffix of executables
configure:3996: gcc -o conftest  -D__powerpc  conftest.c  >&5
configure:4000: $? = 0
configure:4022: result: 
configure:4044: checking whether we are cross compiling
configure:4052: gcc -o conftest  -D__powerpc  conftest.c  >&5
configure:4056: $? = 0
configure:4063: ./conftest
configure:4067: $? = 0
configure:4082: result: no
configure:4087: checking for suffix of object files
configure:4109: gcc -c  -D__powerpc conftest.c >&5
configure:4113: $? = 0
configure:4134: result: o
configure:4138: checking whether we are using the GNU C compiler
configure:4157: gcc -c  -D__powerpc conftest.c >&5
configure:4157: $? = 0
configure:4166: result: yes
configure:4175: checking whether gcc accepts -g
configure:4195: gcc -c -g -D__powerpc conftest.c >&5
configure:4195: $? = 0
configure:4236: result: yes
configure:4253: checking for gcc option to accept ISO C89
configure:4316: gcc  -c -g -O2 -D__powerpc conftest.c >&5
configure:4316: $? = 0
configure:4329: result: none needed
configure:4354: checking whether gcc understands -c and -o together
configure:4376: gcc -c conftest.c -o conftest2.o
configure:4379: $? = 0
configure:4376: gcc -c conftest.c -o conftest2.o
configure:4379: $? = 0
configure:4391: result: yes
configure:4410: checking dependency style of gcc
configure:4521: result: gcc3
configure:4536: checking for a sed that does not truncate output
configure:4600: result: /bin/sed
configure:4618: checking for grep that handles long lines and -e
configure:4676: result: /bin/grep
configure:4681: checking for egrep
configure:4743: result: /bin/grep -E
configure:4748: checking for fgrep
configure:4810: result: /bin/grep -F
configure:4845: checking for ld used by gcc
configure:4912: result: /opt/powerpc/powerpc-603e-linux/bin/ld
configure:4919: checking if the linker (/opt/powerpc/powerpc-603e-linux/bin/ld) is GNU ld
configure:4934: result: yes
configure:4946: checking for BSD- or MS-compatible name lister (nm)
configure:5000: result: /usr/bin/nm -B
configure:5130: checking the name lister (/usr/bin/nm -B) interface
configure:5137: gcc -c -g -O2 -D__powerpc conftest.c >&5
configure:5140: /usr/bin/nm -B "conftest.o"
configure:5143: output
00000000 S some_variable
configure:5150: result: BSD nm
configure:5153: checking whether ln -s works
configure:5157: result: yes
configure:5165: checking the maximum length of command line arguments
configure:5296: result: 1572864
configure:5344: checking how to convert powerpc-unknown-linux-gnu file names to powerpc-unknown-linux-gnu format
configure:5384: result: func_convert_file_noop
configure:5391: checking how to convert powerpc-unknown-linux-gnu file names to toolchain format
configure:5411: result: func_convert_file_noop
configure:5418: checking for /opt/powerpc/powerpc-603e-linux/bin/ld option to reload object files
configure:5425: result: -r
configure:5499: checking for objdump
configure:5515: found /usr/bin/objdump
configure:5526: result: objdump
configure:5558: checking how to recognize dependent libraries
configure:5758: result: pass_all
configure:5843: checking for dlltool
configure:5873: result: no
configure:5903: checking how to associate runtime and link libraries
configure:5930: result: printf %s\n
configure:5991: checking for ar
configure:6007: found /usr/bin/ar
configure:6018: result: ar
configure:6055: checking for archiver @FILE support
configure:6072: gcc -c -g -O2 -D__powerpc conftest.c >&5
configure:6072: $? = 0
configure:6075: ar cru libconftest.a @conftest.lst >&5
configure:6078: $? = 0
configure:6083: ar cru libconftest.a @conftest.lst >&5
ar: conftest.o: No such file or directory
configure:6086: $? = 1
configure:6098: result: @
configure:6156: checking for strip
configure:6172: found /usr/bin/strip
configure:6183: result: strip
configure:6255: checking for ranlib
configure:6271: found /usr/bin/ranlib
configure:6282: result: ranlib
configure:6384: checking command to parse /usr/bin/nm -B output from gcc object
configure:6537: gcc -c -g -O2 -D__powerpc conftest.c >&5
configure:6540: $? = 0
configure:6544: /usr/bin/nm -B conftest.o \| sed -n -e 's/^.*[ ]\([ABCDGIRSTW][ABCDGIRSTW]*\)[ ][ ]*\([_A-Za-z][_A-Za-z0-9]*\)$/\1 \2 \2/p' | sed '/ __gnu_lto/d' \> conftest.nm
configure:6547: $? = 0
configure:6613: gcc -o conftest -g -O2 -D__powerpc  conftest.c conftstm.o >&5
configure:6616: $? = 0
configure:6654: result: ok
configure:6701: checking for sysroot
configure:6731: result: no
configure:6738: checking for a working dd
configure:6776: result: /bin/dd
configure:6780: checking how to truncate binary pipes
configure:6795: result: /bin/dd bs=4096 count=1
configure:6931: gcc -c -g -O2 -D__powerpc conftest.c >&5
configure:6934: $? = 0
configure:7124: checking for mt
configure:7140: found /bin/mt
configure:7151: result: mt
configure:7174: checking if mt is a manifest tool
configure:7180: mt '-?'
mt: invalid option -- ?
configure:7188: result: no
configure:7865: checking how to run the C preprocessor
configure:7896: gcc -E -D__powerpc conftest.c
configure:7896: $? = 0
configure:7910: gcc -E -D__powerpc conftest.c
conftest.c:11:28: ac_nonexistent.h: No such file or directory
configure:7910: $? = 1
configure: failed program was:
| /* confdefs.h */
| #define PACKAGE_NAME "transmission"
| #define PACKAGE_TARNAME "transmission"
| #define PACKAGE_VERSION "2.93"
| #define PACKAGE_STRING "transmission 2.93"
| #define PACKAGE_BUGREPORT "https://github.com/transmission/transmission"
| #define PACKAGE_URL ""
| #define PACKAGE "transmission"
| #define VERSION "2.93"
| /* end confdefs.h.  */
| #include <ac_nonexistent.h>
configure:7935: result: gcc -E
configure:7955: gcc -E -D__powerpc conftest.c
configure:7955: $? = 0
configure:7969: gcc -E -D__powerpc conftest.c
conftest.c:11:28: ac_nonexistent.h: No such file or directory
configure:7969: $? = 1
configure: failed program was:
| /* confdefs.h */
| #define PACKAGE_NAME "transmission"
| #define PACKAGE_TARNAME "transmission"
| #define PACKAGE_VERSION "2.93"
| #define PACKAGE_STRING "transmission 2.93"
| #define PACKAGE_BUGREPORT "https://github.com/transmission/transmission"
| #define PACKAGE_URL ""
| #define PACKAGE "transmission"
| #define VERSION "2.93"
| /* end confdefs.h.  */
| #include <ac_nonexistent.h>
configure:7998: checking for ANSI C header files
configure:8018: gcc -c -g -O2 -D__powerpc conftest.c >&5
configure:8018: $? = 0
configure:8091: gcc -o conftest -g -O2 -D__powerpc  conftest.c  >&5
configure:8091: $? = 0
configure:8091: ./conftest
configure:8091: $? = 0
configure:8102: result: yes
configure:8115: checking for sys/types.h
configure:8115: gcc -c -g -O2 -D__powerpc conftest.c >&5
configure:8115: $? = 0
configure:8115: result: yes
configure:8115: checking for sys/stat.h
configure:8115: gcc -c -g -O2 -D__powerpc conftest.c >&5
configure:8115: $? = 0
configure:8115: result: yes
configure:8115: checking for stdlib.h
configure:8115: gcc -c -g -O2 -D__powerpc conftest.c >&5
configure:8115: $? = 0
configure:8115: result: yes
configure:8115: checking for string.h
configure:8115: gcc -c -g -O2 -D__powerpc conftest.c >&5
configure:8115: $? = 0
configure:8115: result: yes
configure:8115: checking for memory.h
configure:8115: gcc -c -g -O2 -D__powerpc conftest.c >&5
configure:8115: $? = 0
configure:8115: result: yes
configure:8115: checking for strings.h
configure:8115: gcc -c -g -O2 -D__powerpc conftest.c >&5
configure:8115: $? = 0
configure:8115: result: yes
configure:8115: checking for inttypes.h
configure:8115: gcc -c -g -O2 -D__powerpc conftest.c >&5
configure:8115: $? = 0
configure:8115: result: yes
configure:8115: checking for stdint.h
configure:8115: gcc -c -g -O2 -D__powerpc conftest.c >&5
configure:8115: $? = 0
configure:8115: result: yes
configure:8115: checking for unistd.h
configure:8115: gcc -c -g -O2 -D__powerpc conftest.c >&5
configure:8115: $? = 0
configure:8115: result: yes
configure:8129: checking for dlfcn.h
configure:8129: gcc -c -g -O2 -D__powerpc conftest.c >&5
configure:8129: $? = 0
configure:8129: result: yes
configure:8385: checking for objdir
configure:8400: result: .libs
configure:8664: checking if gcc supports -fno-rtti -fno-exceptions
configure:8682: gcc -c -g -O2 -D__powerpc -fno-rtti -fno-exceptions conftest.c >&5
cc1: warning: "-fno-rtti" is valid for C++ but not for C/ObjC
configure:8686: $? = 0
configure:8699: result: no
configure:9057: checking for gcc option to produce PIC
configure:9064: result: -fPIC -DPIC
configure:9072: checking if gcc PIC flag -fPIC -DPIC works
configure:9090: gcc -c -g -O2 -D__powerpc -fPIC -DPIC -DPIC conftest.c >&5
configure:9094: $? = 0
configure:9107: result: yes
configure:9136: checking if gcc static flag -static works
configure:9164: result: yes
configure:9179: checking if gcc supports -c -o file.o
configure:9200: gcc -c -g -O2 -D__powerpc -o out/conftest2.o conftest.c >&5
configure:9204: $? = 0
configure:9226: result: yes
configure:9234: checking if gcc supports -c -o file.o
configure:9281: result: yes
configure:9314: checking whether the gcc linker (/opt/powerpc/powerpc-603e-linux/bin/ld) supports shared libraries
configure:10577: result: yes
configure:10614: checking whether -lc should be explicitly linked in
configure:10622: gcc -c -g -O2 -D__powerpc conftest.c >&5
configure:10625: $? = 0
configure:10640: gcc -shared  -fPIC -DPIC conftest.o  -v -Wl,-soname -Wl,conftest -o conftest 2\>\&1 \| /bin/grep  -lc  \>/dev/null 2\>\&1
configure:10643: $? = 0
configure:10657: result: no
configure:10817: checking dynamic linker characteristics
configure:11398: gcc -o conftest -g -O2 -D__powerpc  -Wl,-rpath -Wl,/foo conftest.c  >&5
configure:11398: $? = 0
configure:11647: result: GNU/Linux ld.so
configure:11769: checking how to hardcode library paths into programs
configure:11794: result: immediate
configure:12342: checking whether stripping libraries is possible
configure:12347: result: yes
configure:12382: checking if libtool supports shared libraries
configure:12384: result: yes
configure:12387: checking whether to build shared libraries
configure:12412: result: yes
configure:12415: checking whether to build static libraries
configure:12419: result: yes
configure:12544: checking for cos in -lm
configure:12569: gcc -o conftest -g -O2 -D__powerpc  conftest.c -lm   >&5
conftest.c:30: warning: conflicting types for built-in function `cos'
configure:12569: $? = 0
configure:12578: result: yes
configure:12709: checking for gcc
configure:12736: result: gcc
configure:12965: checking for C compiler version
configure:12974: gcc --version >&5
gcc (GCC) 3.3.4
Copyright (C) 2003 Free Software Foundation, Inc.
This is free software; see the source for copying conditions.  There is NO
warranty; not even for MERCHANTABILITY or FITNESS FOR A PARTICULAR PURPOSE.

configure:12985: $? = 0
configure:12974: gcc -v >&5
Reading specs from /opt/powerpc/lib/gcc-lib/powerpc-603e-linux/3.3.4/specs
Configured with: /home/slug/optware/ds101g/builds/crosstool-native/build/powerpc-603e-linux/gcc-3.3.4-glibc-2.3.3/gcc-3.3.4/configure --build=i686-build_pc-linux-gnu --target=powerpc-603e-linux --host=powerpc-host_603e-linux --prefix=/opt/powerpc --with-cpu=603 --enable-cxx-flags=-mcpu=603 --with-headers=/opt/powerpc/powerpc-603e-linux/include --with-local-prefix=/opt/powerpc/powerpc-603e-linux --disable-nls --enable-threads=posix --enable-symvers=gnu --enable-__cxa_atexit --enable-languages=c,c++ --enable-shared --enable-c99 --enable-long-long
Thread model: posix
gcc version 3.3.4
configure:12985: $? = 0
configure:12974: gcc -V >&5
gcc: `-V' option must have argument
configure:12985: $? = 1
configure:12974: gcc -qversion >&5
gcc: unrecognized option `-qversion'
gcc: no input files
configure:12985: $? = 1
configure:12989: checking whether we are using the GNU C compiler
configure:13017: result: yes
configure:13026: checking whether gcc accepts -g
configure:13087: result: yes
configure:13104: checking for gcc option to accept ISO C89
configure:13180: result: none needed
configure:13205: checking whether gcc understands -c and -o together
configure:13242: result: yes
configure:13261: checking dependency style of gcc
configure:13372: result: gcc3
configure:13445: checking for g++
configure:13461: found /opt/bin/g++
configure:13472: result: g++
configure:13499: checking for C++ compiler version
configure:13508: g++ --version >&5
g++ (GCC) 3.3.4
Copyright (C) 2003 Free Software Foundation, Inc.
This is free software; see the source for copying conditions.  There is NO
warranty; not even for MERCHANTABILITY or FITNESS FOR A PARTICULAR PURPOSE.

configure:13519: $? = 0
configure:13508: g++ -v >&5
Reading specs from /opt/powerpc/lib/gcc-lib/powerpc-603e-linux/3.3.4/specs
Configured with: /home/slug/optware/ds101g/builds/crosstool-native/build/powerpc-603e-linux/gcc-3.3.4-glibc-2.3.3/gcc-3.3.4/configure --build=i686-build_pc-linux-gnu --target=powerpc-603e-linux --host=powerpc-host_603e-linux --prefix=/opt/powerpc --with-cpu=603 --enable-cxx-flags=-mcpu=603 --with-headers=/opt/powerpc/powerpc-603e-linux/include --with-local-prefix=/opt/powerpc/powerpc-603e-linux --disable-nls --enable-threads=posix --enable-symvers=gnu --enable-__cxa_atexit --enable-languages=c,c++ --enable-shared --enable-c99 --enable-long-long
Thread model: posix
gcc version 3.3.4
configure:13519: $? = 0
configure:13508: g++ -V >&5
g++: `-V' option must have argument
configure:13519: $? = 1
configure:13508: g++ -qversion >&5
g++: unrecognized option `-qversion'
g++: no input files
configure:13519: $? = 1
configure:13523: checking whether we are using the GNU C++ compiler
configure:13542: g++ -c  -D__powerpc -DNDEBUG conftest.cpp >&5
configure:13542: $? = 0
configure:13551: result: yes
configure:13560: checking whether g++ accepts -g
configure:13580: g++ -c -g -D__powerpc -DNDEBUG conftest.cpp >&5
configure:13580: $? = 0
configure:13621: result: yes
configure:13646: checking dependency style of g++
configure:13757: result: gcc3
configure:13790: checking how to run the C++ preprocessor
configure:13817: g++ -E -D__powerpc -DNDEBUG conftest.cpp
configure:13817: $? = 0
configure:13831: g++ -E -D__powerpc -DNDEBUG conftest.cpp
conftest.cpp:23:28: ac_nonexistent.h: No such file or directory
configure:13831: $? = 1
configure: failed program was:
| /* confdefs.h */
| #define PACKAGE_NAME "transmission"
| #define PACKAGE_TARNAME "transmission"
| #define PACKAGE_VERSION "2.93"
| #define PACKAGE_STRING "transmission 2.93"
| #define PACKAGE_BUGREPORT "https://github.com/transmission/transmission"
| #define PACKAGE_URL ""
| #define PACKAGE "transmission"
| #define VERSION "2.93"
| #define STDC_HEADERS 1
| #define HAVE_SYS_TYPES_H 1
| #define HAVE_SYS_STAT_H 1
| #define HAVE_STDLIB_H 1
| #define HAVE_STRING_H 1
| #define HAVE_MEMORY_H 1
| #define HAVE_STRINGS_H 1
| #define HAVE_INTTYPES_H 1
| #define HAVE_STDINT_H 1
| #define HAVE_UNISTD_H 1
| #define HAVE_DLFCN_H 1
| #define LT_OBJDIR ".libs/"
| /* end confdefs.h.  */
| #include <ac_nonexistent.h>
configure:13856: result: g++ -E
configure:13876: g++ -E -D__powerpc -DNDEBUG conftest.cpp
configure:13876: $? = 0
configure:13890: g++ -E -D__powerpc -DNDEBUG conftest.cpp
conftest.cpp:23:28: ac_nonexistent.h: No such file or directory
configure:13890: $? = 1
configure: failed program was:
| /* confdefs.h */
| #define PACKAGE_NAME "transmission"
| #define PACKAGE_TARNAME "transmission"
| #define PACKAGE_VERSION "2.93"
| #define PACKAGE_STRING "transmission 2.93"
| #define PACKAGE_BUGREPORT "https://github.com/transmission/transmission"
| #define PACKAGE_URL ""
| #define PACKAGE "transmission"
| #define VERSION "2.93"
| #define STDC_HEADERS 1
| #define HAVE_SYS_TYPES_H 1
| #define HAVE_SYS_STAT_H 1
| #define HAVE_STDLIB_H 1
| #define HAVE_STRING_H 1
| #define HAVE_MEMORY_H 1
| #define HAVE_STRINGS_H 1
| #define HAVE_INTTYPES_H 1
| #define HAVE_STDINT_H 1
| #define HAVE_UNISTD_H 1
| #define HAVE_DLFCN_H 1
| #define LT_OBJDIR ".libs/"
| /* end confdefs.h.  */
| #include <ac_nonexistent.h>
configure:14052: checking for ld used by g++
configure:14119: result: /opt/powerpc/powerpc-603e-linux/bin/ld
configure:14126: checking if the linker (/opt/powerpc/powerpc-603e-linux/bin/ld) is GNU ld
configure:14141: result: yes
configure:14196: checking whether the g++ linker (/opt/powerpc/powerpc-603e-linux/bin/ld) supports shared libraries
configure:15269: result: yes
configure:15305: g++ -c -g -O2 -D__powerpc -DNDEBUG conftest.cpp >&5
configure:15308: $? = 0
configure:15789: checking for g++ option to produce PIC
configure:15796: result: -fPIC -DPIC
configure:15804: checking if g++ PIC flag -fPIC -DPIC works
configure:15822: g++ -c -g -O2 -D__powerpc -DNDEBUG -fPIC -DPIC -DPIC conftest.cpp >&5
configure:15826: $? = 0
configure:15839: result: yes
configure:15862: checking if g++ static flag -static works
configure:15890: result: yes
configure:15902: checking if g++ supports -c -o file.o
configure:15923: g++ -c -g -O2 -D__powerpc -DNDEBUG -o out/conftest2.o conftest.cpp >&5
configure:15927: $? = 0
configure:15949: result: yes
configure:15954: checking if g++ supports -c -o file.o
configure:16001: result: yes
configure:16031: checking whether the g++ linker (/opt/powerpc/powerpc-603e-linux/bin/ld) supports shared libraries
configure:16074: result: yes
configure:16215: checking dynamic linker characteristics
configure:16972: result: GNU/Linux ld.so
configure:17037: checking how to hardcode library paths into programs
configure:17062: result: immediate
configure:17102: checking for inline
configure:17118: gcc -c -g -O2 -D__powerpc -DNDEBUG conftest.c >&5
configure:17118: $? = 0
configure:17126: result: inline
configure:17148: checking gcc version
configure:17155: result: 3.3.4
configure:17165: checking for ANSI C header files
configure:17269: result: yes
configure:17277: checking whether time.h and sys/time.h may both be included
configure:17297: gcc -c -g -O2 -std=gnu99 -ggdb3 -Wall -W -Wpointer-arith -Wformat-security -Wundef -Wcast-align -Wstrict-prototypes -Wmissing-declarations -Wmissing-format-attribute -Wredundant-decls -Wnested-externs -Wunused-parameter -Wwrite-strings -Winline -Wfloat-equal -D__powerpc -DNDEBUG conftest.c >&5
conftest.c:30: warning: function declaration isn't a prototype
configure:17297: $? = 0
configure:17304: result: yes
configure:17316: checking stdbool.h usability
configure:17316: gcc -c -g -O2 -std=gnu99 -ggdb3 -Wall -W -Wpointer-arith -Wformat-security -Wundef -Wcast-align -Wstrict-prototypes -Wmissing-declarations -Wmissing-format-attribute -Wredundant-decls -Wnested-externs -Wunused-parameter -Wwrite-strings -Winline -Wfloat-equal -D__powerpc -DNDEBUG conftest.c >&5
configure:17316: $? = 0
configure:17316: result: yes
configure:17316: checking stdbool.h presence
configure:17316: gcc -E -D__powerpc -DNDEBUG conftest.c
configure:17316: $? = 0
configure:17316: result: yes
configure:17316: checking for stdbool.h
configure:17316: result: yes
configure:17316: checking xlocale.h usability
configure:17316: gcc -c -g -O2 -std=gnu99 -ggdb3 -Wall -W -Wpointer-arith -Wformat-security -Wundef -Wcast-align -Wstrict-prototypes -Wmissing-declarations -Wmissing-format-attribute -Wredundant-decls -Wnested-externs -Wunused-parameter -Wwrite-strings -Winline -Wfloat-equal -D__powerpc -DNDEBUG conftest.c >&5
configure:17316: $? = 0
configure:17316: result: yes
configure:17316: checking xlocale.h presence
configure:17316: gcc -E -D__powerpc -DNDEBUG conftest.c
configure:17316: $? = 0
configure:17316: result: yes
configure:17316: checking for xlocale.h
configure:17316: result: yes
configure:17329: checking for iconv
configure:17329: gcc -o conftest -g -O2 -std=gnu99 -ggdb3 -Wall -W -Wpointer-arith -Wformat-security -Wundef -Wcast-align -Wstrict-prototypes -Wmissing-declarations -Wmissing-format-attribute -Wredundant-decls -Wnested-externs -Wunused-parameter -Wwrite-strings -Winline -Wfloat-equal -D__powerpc -DNDEBUG  conftest.c  >&5
conftest.c:50: warning: function declaration isn't a prototype
conftest.c:60: warning: function declaration isn't a prototype
configure:17329: $? = 0
configure:17329: result: yes
configure:17329: checking for pread
configure:17329: gcc -o conftest -g -O2 -std=gnu99 -ggdb3 -Wall -W -Wpointer-arith -Wformat-security -Wundef -Wcast-align -Wstrict-prototypes -Wmissing-declarations -Wmissing-format-attribute -Wredundant-decls -Wnested-externs -Wunused-parameter -Wwrite-strings -Winline -Wfloat-equal -D__powerpc -DNDEBUG  conftest.c  >&5
conftest.c:51: warning: function declaration isn't a prototype
conftest.c:61: warning: function declaration isn't a prototype
configure:17329: $? = 0
configure:17329: result: yes
configure:17329: checking for pwrite
configure:17329: gcc -o conftest -g -O2 -std=gnu99 -ggdb3 -Wall -W -Wpointer-arith -Wformat-security -Wundef -Wcast-align -Wstrict-prototypes -Wmissing-declarations -Wmissing-format-attribute -Wredundant-decls -Wnested-externs -Wunused-parameter -Wwrite-strings -Winline -Wfloat-equal -D__powerpc -DNDEBUG  conftest.c  >&5
conftest.c:52: warning: function declaration isn't a prototype
conftest.c:62: warning: function declaration isn't a prototype
configure:17329: $? = 0
configure:17329: result: yes
configure:17329: checking for lrintf
configure:17329: gcc -o conftest -g -O2 -std=gnu99 -ggdb3 -Wall -W -Wpointer-arith -Wformat-security -Wundef -Wcast-align -Wstrict-prototypes -Wmissing-declarations -Wmissing-format-attribute -Wredundant-decls -Wnested-externs -Wunused-parameter -Wwrite-strings -Winline -Wfloat-equal -D__powerpc -DNDEBUG  conftest.c  >&5
conftest.c:53: warning: function declaration isn't a prototype
conftest.c:63: warning: function declaration isn't a prototype
/tmp/ccqCNkoj.o(.text+0xc): In function `main':
/nfs/share/workspaces/transmission-2.93/conftest.c:64: undefined reference to `lrintf'
collect2: ld returned 1 exit status
configure:17329: $? = 1
configure: failed program was:
| /* confdefs.h */
| #define PACKAGE_NAME "transmission"
| #define PACKAGE_TARNAME "transmission"
| #define PACKAGE_VERSION "2.93"
| #define PACKAGE_STRING "transmission 2.93"
| #define PACKAGE_BUGREPORT "https://github.com/transmission/transmission"
| #define PACKAGE_URL ""
| #define PACKAGE "transmission"
| #define VERSION "2.93"
| #define STDC_HEADERS 1
| #define HAVE_SYS_TYPES_H 1
| #define HAVE_SYS_STAT_H 1
| #define HAVE_STDLIB_H 1
| #define HAVE_STRING_H 1
| #define HAVE_MEMORY_H 1
| #define HAVE_STRINGS_H 1
| #define HAVE_INTTYPES_H 1
| #define HAVE_STDINT_H 1
| #define HAVE_UNISTD_H 1
| #define HAVE_DLFCN_H 1
| #define LT_OBJDIR ".libs/"
| #define STDC_HEADERS 1
| #define TIME_WITH_SYS_TIME 1
| #define HAVE_STDBOOL_H 1
| #define HAVE_XLOCALE_H 1
| #define HAVE_ICONV 1
| #define HAVE_PREAD 1
| #define HAVE_PWRITE 1
| /* end confdefs.h.  */
| /* Define lrintf to an innocuous variant, in case <limits.h> declares lrintf.
|    For example, HP-UX 11i <limits.h> declares gettimeofday.  */
| #define lrintf innocuous_lrintf
| 
| /* System header to define __stub macros and hopefully few prototypes,
|     which can conflict with char lrintf (); below.
|     Prefer <limits.h> to <assert.h> if __STDC__ is defined, since
|     <limits.h> exists even on freestanding compilers.  */
| 
| #ifdef __STDC__
| # include <limits.h>
| #else
| # include <assert.h>
| #endif
| 
| #undef lrintf
| 
| /* Override any GCC internal prototype to avoid an error.
|    Use char because int might match the return type of a GCC
|    builtin and then its argument prototype would still apply.  */
| #ifdef __cplusplus
| extern "C"
| #endif
| char lrintf ();
| /* The GNU C library defines this for functions which it implements
|     to always fail with ENOSYS.  Some functions are actually named
|     something starting with __ and the normal name is an alias.  */
| #if defined __stub_lrintf || defined __stub___lrintf
| choke me
| #endif
| 
| int
| main ()
| {
| return lrintf ();
|   ;
|   return 0;
| }
configure:17329: result: no
configure:17329: checking for strlcpy
configure:17329: gcc -o conftest -g -O2 -std=gnu99 -ggdb3 -Wall -W -Wpointer-arith -Wformat-security -Wundef -Wcast-align -Wstrict-prototypes -Wmissing-declarations -Wmissing-format-attribute -Wredundant-decls -Wnested-externs -Wunused-parameter -Wwrite-strings -Winline -Wfloat-equal -D__powerpc -DNDEBUG  conftest.c  >&5
conftest.c:53: warning: function declaration isn't a prototype
conftest.c:63: warning: function declaration isn't a prototype
/tmp/ccqplWzv.o(.text+0xc): In function `main':
/nfs/share/workspaces/transmission-2.93/conftest.c:64: undefined reference to `strlcpy'
collect2: ld returned 1 exit status
configure:17329: $? = 1
configure: failed program was:
| /* confdefs.h */
| #define PACKAGE_NAME "transmission"
| #define PACKAGE_TARNAME "transmission"
| #define PACKAGE_VERSION "2.93"
| #define PACKAGE_STRING "transmission 2.93"
| #define PACKAGE_BUGREPORT "https://github.com/transmission/transmission"
| #define PACKAGE_URL ""
| #define PACKAGE "transmission"
| #define VERSION "2.93"
| #define STDC_HEADERS 1
| #define HAVE_SYS_TYPES_H 1
| #define HAVE_SYS_STAT_H 1
| #define HAVE_STDLIB_H 1
| #define HAVE_STRING_H 1
| #define HAVE_MEMORY_H 1
| #define HAVE_STRINGS_H 1
| #define HAVE_INTTYPES_H 1
| #define HAVE_STDINT_H 1
| #define HAVE_UNISTD_H 1
| #define HAVE_DLFCN_H 1
| #define LT_OBJDIR ".libs/"
| #define STDC_HEADERS 1
| #define TIME_WITH_SYS_TIME 1
| #define HAVE_STDBOOL_H 1
| #define HAVE_XLOCALE_H 1
| #define HAVE_ICONV 1
| #define HAVE_PREAD 1
| #define HAVE_PWRITE 1
| /* end confdefs.h.  */
| /* Define strlcpy to an innocuous variant, in case <limits.h> declares strlcpy.
|    For example, HP-UX 11i <limits.h> declares gettimeofday.  */
| #define strlcpy innocuous_strlcpy
| 
| /* System header to define __stub macros and hopefully few prototypes,
|     which can conflict with char strlcpy (); below.
|     Prefer <limits.h> to <assert.h> if __STDC__ is defined, since
|     <limits.h> exists even on freestanding compilers.  */
| 
| #ifdef __STDC__
| # include <limits.h>
| #else
| # include <assert.h>
| #endif
| 
| #undef strlcpy
| 
| /* Override any GCC internal prototype to avoid an error.
|    Use char because int might match the return type of a GCC
|    builtin and then its argument prototype would still apply.  */
| #ifdef __cplusplus
| extern "C"
| #endif
| char strlcpy ();
| /* The GNU C library defines this for functions which it implements
|     to always fail with ENOSYS.  Some functions are actually named
|     something starting with __ and the normal name is an alias.  */
| #if defined __stub_strlcpy || defined __stub___strlcpy
| choke me
| #endif
| 
| int
| main ()
| {
| return strlcpy ();
|   ;
|   return 0;
| }
configure:17329: result: no
configure:17329: checking for daemon
configure:17329: gcc -o conftest -g -O2 -std=gnu99 -ggdb3 -Wall -W -Wpointer-arith -Wformat-security -Wundef -Wcast-align -Wstrict-prototypes -Wmissing-declarations -Wmissing-format-attribute -Wredundant-decls -Wnested-externs -Wunused-parameter -Wwrite-strings -Winline -Wfloat-equal -D__powerpc -DNDEBUG  conftest.c  >&5
conftest.c:53: warning: function declaration isn't a prototype
conftest.c:63: warning: function declaration isn't a prototype
configure:17329: $? = 0
configure:17329: result: yes
configure:17329: checking for dirname
configure:17329: gcc -o conftest -g -O2 -std=gnu99 -ggdb3 -Wall -W -Wpointer-arith -Wformat-security -Wundef -Wcast-align -Wstrict-prototypes -Wmissing-declarations -Wmissing-format-attribute -Wredundant-decls -Wnested-externs -Wunused-parameter -Wwrite-strings -Winline -Wfloat-equal -D__powerpc -DNDEBUG  conftest.c  >&5
conftest.c:54: warning: function declaration isn't a prototype
conftest.c:64: warning: function declaration isn't a prototype
configure:17329: $? = 0
configure:17329: result: yes
configure:17329: checking for basename
configure:17329: gcc -o conftest -g -O2 -std=gnu99 -ggdb3 -Wall -W -Wpointer-arith -Wformat-security -Wundef -Wcast-align -Wstrict-prototypes -Wmissing-declarations -Wmissing-format-attribute -Wredundant-decls -Wnested-externs -Wunused-parameter -Wwrite-strings -Winline -Wfloat-equal -D__powerpc -DNDEBUG  conftest.c  >&5
conftest.c:55: warning: function declaration isn't a prototype
conftest.c:65: warning: function declaration isn't a prototype
configure:17329: $? = 0
configure:17329: result: yes
configure:17329: checking for canonicalize_file_name
configure:17329: gcc -o conftest -g -O2 -std=gnu99 -ggdb3 -Wall -W -Wpointer-arith -Wformat-security -Wundef -Wcast-align -Wstrict-prototypes -Wmissing-declarations -Wmissing-format-attribute -Wredundant-decls -Wnested-externs -Wunused-parameter -Wwrite-strings -Winline -Wfloat-equal -D__powerpc -DNDEBUG  conftest.c  >&5
conftest.c:56: warning: function declaration isn't a prototype
conftest.c:66: warning: function declaration isn't a prototype
configure:17329: $? = 0
configure:17329: result: yes
configure:17329: checking for strcasecmp
configure:17329: gcc -o conftest -g -O2 -std=gnu99 -ggdb3 -Wall -W -Wpointer-arith -Wformat-security -Wundef -Wcast-align -Wstrict-prototypes -Wmissing-declarations -Wmissing-format-attribute -Wredundant-decls -Wnested-externs -Wunused-parameter -Wwrite-strings -Winline -Wfloat-equal -D__powerpc -DNDEBUG  conftest.c  >&5
conftest.c:57: warning: function declaration isn't a prototype
conftest.c:67: warning: function declaration isn't a prototype
configure:17329: $? = 0
configure:17329: result: yes
configure:17329: checking for localtime_r
configure:17329: gcc -o conftest -g -O2 -std=gnu99 -ggdb3 -Wall -W -Wpointer-arith -Wformat-security -Wundef -Wcast-align -Wstrict-prototypes -Wmissing-declarations -Wmissing-format-attribute -Wredundant-decls -Wnested-externs -Wunused-parameter -Wwrite-strings -Winline -Wfloat-equal -D__powerpc -DNDEBUG  conftest.c  >&5
conftest.c:58: warning: function declaration isn't a prototype
conftest.c:68: warning: function declaration isn't a prototype
configure:17329: $? = 0
configure:17329: result: yes
configure:17329: checking for fallocate64
configure:17329: gcc -o conftest -g -O2 -std=gnu99 -ggdb3 -Wall -W -Wpointer-arith -Wformat-security -Wundef -Wcast-align -Wstrict-prototypes -Wmissing-declarations -Wmissing-format-attribute -Wredundant-decls -Wnested-externs -Wunused-parameter -Wwrite-strings -Winline -Wfloat-equal -D__powerpc -DNDEBUG  conftest.c  >&5
conftest.c:59: warning: function declaration isn't a prototype
conftest.c:69: warning: function declaration isn't a prototype
/tmp/cc08t7s7.o(.text+0xc): In function `main':
/nfs/share/workspaces/transmission-2.93/conftest.c:70: undefined reference to `fallocate64'
collect2: ld returned 1 exit status
configure:17329: $? = 1
configure: failed program was:
| /* confdefs.h */
| #define PACKAGE_NAME "transmission"
| #define PACKAGE_TARNAME "transmission"
| #define PACKAGE_VERSION "2.93"
| #define PACKAGE_STRING "transmission 2.93"
| #define PACKAGE_BUGREPORT "https://github.com/transmission/transmission"
| #define PACKAGE_URL ""
| #define PACKAGE "transmission"
| #define VERSION "2.93"
| #define STDC_HEADERS 1
| #define HAVE_SYS_TYPES_H 1
| #define HAVE_SYS_STAT_H 1
| #define HAVE_STDLIB_H 1
| #define HAVE_STRING_H 1
| #define HAVE_MEMORY_H 1
| #define HAVE_STRINGS_H 1
| #define HAVE_INTTYPES_H 1
| #define HAVE_STDINT_H 1
| #define HAVE_UNISTD_H 1
| #define HAVE_DLFCN_H 1
| #define LT_OBJDIR ".libs/"
| #define STDC_HEADERS 1
| #define TIME_WITH_SYS_TIME 1
| #define HAVE_STDBOOL_H 1
| #define HAVE_XLOCALE_H 1
| #define HAVE_ICONV 1
| #define HAVE_PREAD 1
| #define HAVE_PWRITE 1
| #define HAVE_DAEMON 1
| #define HAVE_DIRNAME 1
| #define HAVE_BASENAME 1
| #define HAVE_CANONICALIZE_FILE_NAME 1
| #define HAVE_STRCASECMP 1
| #define HAVE_LOCALTIME_R 1
| /* end confdefs.h.  */
| /* Define fallocate64 to an innocuous variant, in case <limits.h> declares fallocate64.
|    For example, HP-UX 11i <limits.h> declares gettimeofday.  */
| #define fallocate64 innocuous_fallocate64
| 
| /* System header to define __stub macros and hopefully few prototypes,
|     which can conflict with char fallocate64 (); below.
|     Prefer <limits.h> to <assert.h> if __STDC__ is defined, since
|     <limits.h> exists even on freestanding compilers.  */
| 
| #ifdef __STDC__
| # include <limits.h>
| #else
| # include <assert.h>
| #endif
| 
| #undef fallocate64
| 
| /* Override any GCC internal prototype to avoid an error.
|    Use char because int might match the return type of a GCC
|    builtin and then its argument prototype would still apply.  */
| #ifdef __cplusplus
| extern "C"
| #endif
| char fallocate64 ();
| /* The GNU C library defines this for functions which it implements
|     to always fail with ENOSYS.  Some functions are actually named
|     something starting with __ and the normal name is an alias.  */
| #if defined __stub_fallocate64 || defined __stub___fallocate64
| choke me
| #endif
| 
| int
| main ()
| {
| return fallocate64 ();
|   ;
|   return 0;
| }
configure:17329: result: no
configure:17329: checking for posix_fallocate
configure:17329: gcc -o conftest -g -O2 -std=gnu99 -ggdb3 -Wall -W -Wpointer-arith -Wformat-security -Wundef -Wcast-align -Wstrict-prototypes -Wmissing-declarations -Wmissing-format-attribute -Wredundant-decls -Wnested-externs -Wunused-parameter -Wwrite-strings -Winline -Wfloat-equal -D__powerpc -DNDEBUG  conftest.c  >&5
conftest.c:59: warning: function declaration isn't a prototype
conftest.c:69: warning: function declaration isn't a prototype
configure:17329: $? = 0
configure:17329: result: yes
configure:17329: checking for memmem
configure:17329: gcc -o conftest -g -O2 -std=gnu99 -ggdb3 -Wall -W -Wpointer-arith -Wformat-security -Wundef -Wcast-align -Wstrict-prototypes -Wmissing-declarations -Wmissing-format-attribute -Wredundant-decls -Wnested-externs -Wunused-parameter -Wwrite-strings -Winline -Wfloat-equal -D__powerpc -DNDEBUG  conftest.c  >&5
conftest.c:60: warning: function declaration isn't a prototype
conftest.c:70: warning: function declaration isn't a prototype
configure:17329: $? = 0
configure:17329: result: yes
configure:17329: checking for strsep
configure:17329: gcc -o conftest -g -O2 -std=gnu99 -ggdb3 -Wall -W -Wpointer-arith -Wformat-security -Wundef -Wcast-align -Wstrict-prototypes -Wmissing-declarations -Wmissing-format-attribute -Wredundant-decls -Wnested-externs -Wunused-parameter -Wwrite-strings -Winline -Wfloat-equal -D__powerpc -DNDEBUG  conftest.c  >&5
conftest.c:61: warning: function declaration isn't a prototype
conftest.c:71: warning: function declaration isn't a prototype
configure:17329: $? = 0
configure:17329: result: yes
configure:17329: checking for strtold
configure:17329: gcc -o conftest -g -O2 -std=gnu99 -ggdb3 -Wall -W -Wpointer-arith -Wformat-security -Wundef -Wcast-align -Wstrict-prototypes -Wmissing-declarations -Wmissing-format-attribute -Wredundant-decls -Wnested-externs -Wunused-parameter -Wwrite-strings -Winline -Wfloat-equal -D__powerpc -DNDEBUG  conftest.c  >&5
conftest.c:62: warning: function declaration isn't a prototype
conftest.c:72: warning: function declaration isn't a prototype
configure:17329: $? = 0
configure:17329: result: yes
configure:17329: checking for syslog
configure:17329: gcc -o conftest -g -O2 -std=gnu99 -ggdb3 -Wall -W -Wpointer-arith -Wformat-security -Wundef -Wcast-align -Wstrict-prototypes -Wmissing-declarations -Wmissing-format-attribute -Wredundant-decls -Wnested-externs -Wunused-parameter -Wwrite-strings -Winline -Wfloat-equal -D__powerpc -DNDEBUG  conftest.c  >&5
conftest.c:63: warning: function declaration isn't a prototype
conftest.c:73: warning: function declaration isn't a prototype
configure:17329: $? = 0
configure:17329: result: yes
configure:17329: checking for valloc
configure:17329: gcc -o conftest -g -O2 -std=gnu99 -ggdb3 -Wall -W -Wpointer-arith -Wformat-security -Wundef -Wcast-align -Wstrict-prototypes -Wmissing-declarations -Wmissing-format-attribute -Wredundant-decls -Wnested-externs -Wunused-parameter -Wwrite-strings -Winline -Wfloat-equal -D__powerpc -DNDEBUG  conftest.c  >&5
conftest.c:64: warning: function declaration isn't a prototype
conftest.c:74: warning: function declaration isn't a prototype
configure:17329: $? = 0
configure:17329: result: yes
configure:17329: checking for getpagesize
configure:17329: gcc -o conftest -g -O2 -std=gnu99 -ggdb3 -Wall -W -Wpointer-arith -Wformat-security -Wundef -Wcast-align -Wstrict-prototypes -Wmissing-declarations -Wmissing-format-attribute -Wredundant-decls -Wnested-externs -Wunused-parameter -Wwrite-strings -Winline -Wfloat-equal -D__powerpc -DNDEBUG  conftest.c  >&5
conftest.c:65: warning: function declaration isn't a prototype
conftest.c:75: warning: function declaration isn't a prototype
configure:17329: $? = 0
configure:17329: result: yes
configure:17329: checking for posix_memalign
configure:17329: gcc -o conftest -g -O2 -std=gnu99 -ggdb3 -Wall -W -Wpointer-arith -Wformat-security -Wundef -Wcast-align -Wstrict-prototypes -Wmissing-declarations -Wmissing-format-attribute -Wredundant-decls -Wnested-externs -Wunused-parameter -Wwrite-strings -Winline -Wfloat-equal -D__powerpc -DNDEBUG  conftest.c  >&5
conftest.c:66: warning: function declaration isn't a prototype
conftest.c:76: warning: function declaration isn't a prototype
configure:17329: $? = 0
configure:17329: result: yes
configure:17329: checking for statvfs
configure:17329: gcc -o conftest -g -O2 -std=gnu99 -ggdb3 -Wall -W -Wpointer-arith -Wformat-security -Wundef -Wcast-align -Wstrict-prototypes -Wmissing-declarations -Wmissing-format-attribute -Wredundant-decls -Wnested-externs -Wunused-parameter -Wwrite-strings -Winline -Wfloat-equal -D__powerpc -DNDEBUG  conftest.c  >&5
conftest.c:67: warning: function declaration isn't a prototype
conftest.c:77: warning: function declaration isn't a prototype
configure:17329: $? = 0
configure:17329: result: yes
configure:17329: checking for htonll
configure:17329: gcc -o conftest -g -O2 -std=gnu99 -ggdb3 -Wall -W -Wpointer-arith -Wformat-security -Wundef -Wcast-align -Wstrict-prototypes -Wmissing-declarations -Wmissing-format-attribute -Wredundant-decls -Wnested-externs -Wunused-parameter -Wwrite-strings -Winline -Wfloat-equal -D__powerpc -DNDEBUG  conftest.c  >&5
conftest.c:68: warning: function declaration isn't a prototype
conftest.c:78: warning: function declaration isn't a prototype
/tmp/ccmtVjhX.o(.text+0xc): In function `main':
/nfs/share/workspaces/transmission-2.93/conftest.c:79: undefined reference to `htonll'
collect2: ld returned 1 exit status
configure:17329: $? = 1
configure: failed program was:
| /* confdefs.h */
| #define PACKAGE_NAME "transmission"
| #define PACKAGE_TARNAME "transmission"
| #define PACKAGE_VERSION "2.93"
| #define PACKAGE_STRING "transmission 2.93"
| #define PACKAGE_BUGREPORT "https://github.com/transmission/transmission"
| #define PACKAGE_URL ""
| #define PACKAGE "transmission"
| #define VERSION "2.93"
| #define STDC_HEADERS 1
| #define HAVE_SYS_TYPES_H 1
| #define HAVE_SYS_STAT_H 1
| #define HAVE_STDLIB_H 1
| #define HAVE_STRING_H 1
| #define HAVE_MEMORY_H 1
| #define HAVE_STRINGS_H 1
| #define HAVE_INTTYPES_H 1
| #define HAVE_STDINT_H 1
| #define HAVE_UNISTD_H 1
| #define HAVE_DLFCN_H 1
| #define LT_OBJDIR ".libs/"
| #define STDC_HEADERS 1
| #define TIME_WITH_SYS_TIME 1
| #define HAVE_STDBOOL_H 1
| #define HAVE_XLOCALE_H 1
| #define HAVE_ICONV 1
| #define HAVE_PREAD 1
| #define HAVE_PWRITE 1
| #define HAVE_DAEMON 1
| #define HAVE_DIRNAME 1
| #define HAVE_BASENAME 1
| #define HAVE_CANONICALIZE_FILE_NAME 1
| #define HAVE_STRCASECMP 1
| #define HAVE_LOCALTIME_R 1
| #define HAVE_POSIX_FALLOCATE 1
| #define HAVE_MEMMEM 1
| #define HAVE_STRSEP 1
| #define HAVE_STRTOLD 1
| #define HAVE_SYSLOG 1
| #define HAVE_VALLOC 1
| #define HAVE_GETPAGESIZE 1
| #define HAVE_POSIX_MEMALIGN 1
| #define HAVE_STATVFS 1
| /* end confdefs.h.  */
| /* Define htonll to an innocuous variant, in case <limits.h> declares htonll.
|    For example, HP-UX 11i <limits.h> declares gettimeofday.  */
| #define htonll innocuous_htonll
| 
| /* System header to define __stub macros and hopefully few prototypes,
|     which can conflict with char htonll (); below.
|     Prefer <limits.h> to <assert.h> if __STDC__ is defined, since
|     <limits.h> exists even on freestanding compilers.  */
| 
| #ifdef __STDC__
| # include <limits.h>
| #else
| # include <assert.h>
| #endif
| 
| #undef htonll
| 
| /* Override any GCC internal prototype to avoid an error.
|    Use char because int might match the return type of a GCC
|    builtin and then its argument prototype would still apply.  */
| #ifdef __cplusplus
| extern "C"
| #endif
| char htonll ();
| /* The GNU C library defines this for functions which it implements
|     to always fail with ENOSYS.  Some functions are actually named
|     something starting with __ and the normal name is an alias.  */
| #if defined __stub_htonll || defined __stub___htonll
| choke me
| #endif
| 
| int
| main ()
| {
| return htonll ();
|   ;
|   return 0;
| }
configure:17329: result: no
configure:17329: checking for ntohll
configure:17329: gcc -o conftest -g -O2 -std=gnu99 -ggdb3 -Wall -W -Wpointer-arith -Wformat-security -Wundef -Wcast-align -Wstrict-prototypes -Wmissing-declarations -Wmissing-format-attribute -Wredundant-decls -Wnested-externs -Wunused-parameter -Wwrite-strings -Winline -Wfloat-equal -D__powerpc -DNDEBUG  conftest.c  >&5
conftest.c:68: warning: function declaration isn't a prototype
conftest.c:78: warning: function declaration isn't a prototype
/tmp/ccOvkslu.o(.text+0xc): In function `main':
/nfs/share/workspaces/transmission-2.93/conftest.c:79: undefined reference to `ntohll'
collect2: ld returned 1 exit status
configure:17329: $? = 1
configure: failed program was:
| /* confdefs.h */
| #define PACKAGE_NAME "transmission"
| #define PACKAGE_TARNAME "transmission"
| #define PACKAGE_VERSION "2.93"
| #define PACKAGE_STRING "transmission 2.93"
| #define PACKAGE_BUGREPORT "https://github.com/transmission/transmission"
| #define PACKAGE_URL ""
| #define PACKAGE "transmission"
| #define VERSION "2.93"
| #define STDC_HEADERS 1
| #define HAVE_SYS_TYPES_H 1
| #define HAVE_SYS_STAT_H 1
| #define HAVE_STDLIB_H 1
| #define HAVE_STRING_H 1
| #define HAVE_MEMORY_H 1
| #define HAVE_STRINGS_H 1
| #define HAVE_INTTYPES_H 1
| #define HAVE_STDINT_H 1
| #define HAVE_UNISTD_H 1
| #define HAVE_DLFCN_H 1
| #define LT_OBJDIR ".libs/"
| #define STDC_HEADERS 1
| #define TIME_WITH_SYS_TIME 1
| #define HAVE_STDBOOL_H 1
| #define HAVE_XLOCALE_H 1
| #define HAVE_ICONV 1
| #define HAVE_PREAD 1
| #define HAVE_PWRITE 1
| #define HAVE_DAEMON 1
| #define HAVE_DIRNAME 1
| #define HAVE_BASENAME 1
| #define HAVE_CANONICALIZE_FILE_NAME 1
| #define HAVE_STRCASECMP 1
| #define HAVE_LOCALTIME_R 1
| #define HAVE_POSIX_FALLOCATE 1
| #define HAVE_MEMMEM 1
| #define HAVE_STRSEP 1
| #define HAVE_STRTOLD 1
| #define HAVE_SYSLOG 1
| #define HAVE_VALLOC 1
| #define HAVE_GETPAGESIZE 1
| #define HAVE_POSIX_MEMALIGN 1
| #define HAVE_STATVFS 1
| /* end confdefs.h.  */
| /* Define ntohll to an innocuous variant, in case <limits.h> declares ntohll.
|    For example, HP-UX 11i <limits.h> declares gettimeofday.  */
| #define ntohll innocuous_ntohll
| 
| /* System header to define __stub macros and hopefully few prototypes,
|     which can conflict with char ntohll (); below.
|     Prefer <limits.h> to <assert.h> if __STDC__ is defined, since
|     <limits.h> exists even on freestanding compilers.  */
| 
| #ifdef __STDC__
| # include <limits.h>
| #else
| # include <assert.h>
| #endif
| 
| #undef ntohll
| 
| /* Override any GCC internal prototype to avoid an error.
|    Use char because int might match the return type of a GCC
|    builtin and then its argument prototype would still apply.  */
| #ifdef __cplusplus
| extern "C"
| #endif
| char ntohll ();
| /* The GNU C library defines this for functions which it implements
|     to always fail with ENOSYS.  Some functions are actually named
|     something starting with __ and the normal name is an alias.  */
| #if defined __stub_ntohll || defined __stub___ntohll
| choke me
| #endif
| 
| int
| main ()
| {
| return ntohll ();
|   ;
|   return 0;
| }
configure:17329: result: no
configure:17329: checking for mkdtemp
configure:17329: gcc -o conftest -g -O2 -std=gnu99 -ggdb3 -Wall -W -Wpointer-arith -Wformat-security -Wundef -Wcast-align -Wstrict-prototypes -Wmissing-declarations -Wmissing-format-attribute -Wredundant-decls -Wnested-externs -Wunused-parameter -Wwrite-strings -Winline -Wfloat-equal -D__powerpc -DNDEBUG  conftest.c  >&5
conftest.c:68: warning: function declaration isn't a prototype
conftest.c:78: warning: function declaration isn't a prototype
configure:17329: $? = 0
configure:17329: result: yes
configure:17329: checking for uselocale
configure:17329: gcc -o conftest -g -O2 -std=gnu99 -ggdb3 -Wall -W -Wpointer-arith -Wformat-security -Wundef -Wcast-align -Wstrict-prototypes -Wmissing-declarations -Wmissing-format-attribute -Wredundant-decls -Wnested-externs -Wunused-parameter -Wwrite-strings -Winline -Wfloat-equal -D__powerpc -DNDEBUG  conftest.c  >&5
conftest.c:69: warning: function declaration isn't a prototype
conftest.c:79: warning: function declaration isn't a prototype
configure:17329: $? = 0
configure:17329: result: yes
configure:17329: checking for _configthreadlocale
configure:17329: gcc -o conftest -g -O2 -std=gnu99 -ggdb3 -Wall -W -Wpointer-arith -Wformat-security -Wundef -Wcast-align -Wstrict-prototypes -Wmissing-declarations -Wmissing-format-attribute -Wredundant-decls -Wnested-externs -Wunused-parameter -Wwrite-strings -Winline -Wfloat-equal -D__powerpc -DNDEBUG  conftest.c  >&5
conftest.c:70: warning: function declaration isn't a prototype
conftest.c:80: warning: function declaration isn't a prototype
/tmp/ccE7AdZP.o(.text+0xc): In function `main':
/nfs/share/workspaces/transmission-2.93/conftest.c:81: undefined reference to `_configthreadlocale'
collect2: ld returned 1 exit status
configure:17329: $? = 1
configure: failed program was:
| /* confdefs.h */
| #define PACKAGE_NAME "transmission"
| #define PACKAGE_TARNAME "transmission"
| #define PACKAGE_VERSION "2.93"
| #define PACKAGE_STRING "transmission 2.93"
| #define PACKAGE_BUGREPORT "https://github.com/transmission/transmission"
| #define PACKAGE_URL ""
| #define PACKAGE "transmission"
| #define VERSION "2.93"
| #define STDC_HEADERS 1
| #define HAVE_SYS_TYPES_H 1
| #define HAVE_SYS_STAT_H 1
| #define HAVE_STDLIB_H 1
| #define HAVE_STRING_H 1
| #define HAVE_MEMORY_H 1
| #define HAVE_STRINGS_H 1
| #define HAVE_INTTYPES_H 1
| #define HAVE_STDINT_H 1
| #define HAVE_UNISTD_H 1
| #define HAVE_DLFCN_H 1
| #define LT_OBJDIR ".libs/"
| #define STDC_HEADERS 1
| #define TIME_WITH_SYS_TIME 1
| #define HAVE_STDBOOL_H 1
| #define HAVE_XLOCALE_H 1
| #define HAVE_ICONV 1
| #define HAVE_PREAD 1
| #define HAVE_PWRITE 1
| #define HAVE_DAEMON 1
| #define HAVE_DIRNAME 1
| #define HAVE_BASENAME 1
| #define HAVE_CANONICALIZE_FILE_NAME 1
| #define HAVE_STRCASECMP 1
| #define HAVE_LOCALTIME_R 1
| #define HAVE_POSIX_FALLOCATE 1
| #define HAVE_MEMMEM 1
| #define HAVE_STRSEP 1
| #define HAVE_STRTOLD 1
| #define HAVE_SYSLOG 1
| #define HAVE_VALLOC 1
| #define HAVE_GETPAGESIZE 1
| #define HAVE_POSIX_MEMALIGN 1
| #define HAVE_STATVFS 1
| #define HAVE_MKDTEMP 1
| #define HAVE_USELOCALE 1
| /* end confdefs.h.  */
| /* Define _configthreadlocale to an innocuous variant, in case <limits.h> declares _configthreadlocale.
|    For example, HP-UX 11i <limits.h> declares gettimeofday.  */
| #define _configthreadlocale innocuous__configthreadlocale
| 
| /* System header to define __stub macros and hopefully few prototypes,
|     which can conflict with char _configthreadlocale (); below.
|     Prefer <limits.h> to <assert.h> if __STDC__ is defined, since
|     <limits.h> exists even on freestanding compilers.  */
| 
| #ifdef __STDC__
| # include <limits.h>
| #else
| # include <assert.h>
| #endif
| 
| #undef _configthreadlocale
| 
| /* Override any GCC internal prototype to avoid an error.
|    Use char because int might match the return type of a GCC
|    builtin and then its argument prototype would still apply.  */
| #ifdef __cplusplus
| extern "C"
| #endif
| char _configthreadlocale ();
| /* The GNU C library defines this for functions which it implements
|     to always fail with ENOSYS.  Some functions are actually named
|     something starting with __ and the normal name is an alias.  */
| #if defined __stub__configthreadlocale || defined __stub____configthreadlocale
| choke me
| #endif
| 
| int
| main ()
| {
| return _configthreadlocale ();
|   ;
|   return 0;
| }
configure:17329: result: no
configure:17339: checking whether make sets $(MAKE)
configure:17361: result: yes
configure:17535: checking for the pthreads library -lpthreads
configure:17568: gcc -o conftest -g -O2 -std=gnu99 -ggdb3 -Wall -W -Wpointer-arith -Wformat-security -Wundef -Wcast-align -Wstrict-prototypes -Wmissing-declarations -Wmissing-format-attribute -Wredundant-decls -Wnested-externs -Wunused-parameter -Wwrite-strings -Winline -Wfloat-equal  -D__powerpc -DNDEBUG  conftest.c -lpthreads  >&5
conftest.c:50: warning: function declaration isn't a prototype
conftest.c: In function `main':
conftest.c:51: warning: `th' might be used uninitialized in this function
/opt/powerpc/lib/gcc-lib/powerpc-603e-linux/3.3.4/../../../../powerpc-603e-linux/bin/ld: cannot find -lpthreads
collect2: ld returned 1 exit status
configure:17568: $? = 1
configure: failed program was:
| /* confdefs.h */
| #define PACKAGE_NAME "transmission"
| #define PACKAGE_TARNAME "transmission"
| #define PACKAGE_VERSION "2.93"
| #define PACKAGE_STRING "transmission 2.93"
| #define PACKAGE_BUGREPORT "https://github.com/transmission/transmission"
| #define PACKAGE_URL ""
| #define PACKAGE "transmission"
| #define VERSION "2.93"
| #define STDC_HEADERS 1
| #define HAVE_SYS_TYPES_H 1
| #define HAVE_SYS_STAT_H 1
| #define HAVE_STDLIB_H 1
| #define HAVE_STRING_H 1
| #define HAVE_MEMORY_H 1
| #define HAVE_STRINGS_H 1
| #define HAVE_INTTYPES_H 1
| #define HAVE_STDINT_H 1
| #define HAVE_UNISTD_H 1
| #define HAVE_DLFCN_H 1
| #define LT_OBJDIR ".libs/"
| #define STDC_HEADERS 1
| #define TIME_WITH_SYS_TIME 1
| #define HAVE_STDBOOL_H 1
| #define HAVE_XLOCALE_H 1
| #define HAVE_ICONV 1
| #define HAVE_PREAD 1
| #define HAVE_PWRITE 1
| #define HAVE_DAEMON 1
| #define HAVE_DIRNAME 1
| #define HAVE_BASENAME 1
| #define HAVE_CANONICALIZE_FILE_NAME 1
| #define HAVE_STRCASECMP 1
| #define HAVE_LOCALTIME_R 1
| #define HAVE_POSIX_FALLOCATE 1
| #define HAVE_MEMMEM 1
| #define HAVE_STRSEP 1
| #define HAVE_STRTOLD 1
| #define HAVE_SYSLOG 1
| #define HAVE_VALLOC 1
| #define HAVE_GETPAGESIZE 1
| #define HAVE_POSIX_MEMALIGN 1
| #define HAVE_STATVFS 1
| #define HAVE_MKDTEMP 1
| #define HAVE_USELOCALE 1
| /* end confdefs.h.  */
| #include <pthread.h>
| int
| main ()
| {
| pthread_t th; pthread_join(th, 0);
|                      pthread_attr_init(0); pthread_cleanup_push(0, 0);
|                      pthread_create(0,0,0,0); pthread_cleanup_pop(0);
|   ;
|   return 0;
| }
configure:17577: result: no
configure:17480: checking whether pthreads work without any flags
configure:17568: gcc -o conftest -g -O2 -std=gnu99 -ggdb3 -Wall -W -Wpointer-arith -Wformat-security -Wundef -Wcast-align -Wstrict-prototypes -Wmissing-declarations -Wmissing-format-attribute -Wredundant-decls -Wnested-externs -Wunused-parameter -Wwrite-strings -Winline -Wfloat-equal  -D__powerpc -DNDEBUG  conftest.c   >&5
conftest.c:50: warning: function declaration isn't a prototype
conftest.c: In function `main':
conftest.c:51: warning: `th' might be used uninitialized in this function
/tmp/ccq1ZN31.o(.text+0x18): In function `main':
/nfs/share/workspaces/transmission-2.93/conftest.c:51: undefined reference to `pthread_join'
/tmp/ccq1ZN31.o(.text+0x30):/nfs/share/workspaces/transmission-2.93/conftest.c:52: undefined reference to `_pthread_cleanup_push'
/tmp/ccq1ZN31.o(.text+0x44):/nfs/share/workspaces/transmission-2.93/conftest.c:53: undefined reference to `pthread_create'
/tmp/ccq1ZN31.o(.text+0x50):/nfs/share/workspaces/transmission-2.93/conftest.c:53: undefined reference to `_pthread_cleanup_pop'
collect2: ld returned 1 exit status
configure:17568: $? = 1
configure: failed program was:
| /* confdefs.h */
| #define PACKAGE_NAME "transmission"
| #define PACKAGE_TARNAME "transmission"
| #define PACKAGE_VERSION "2.93"
| #define PACKAGE_STRING "transmission 2.93"
| #define PACKAGE_BUGREPORT "https://github.com/transmission/transmission"
| #define PACKAGE_URL ""
| #define PACKAGE "transmission"
| #define VERSION "2.93"
| #define STDC_HEADERS 1
| #define HAVE_SYS_TYPES_H 1
| #define HAVE_SYS_STAT_H 1
| #define HAVE_STDLIB_H 1
| #define HAVE_STRING_H 1
| #define HAVE_MEMORY_H 1
| #define HAVE_STRINGS_H 1
| #define HAVE_INTTYPES_H 1
| #define HAVE_STDINT_H 1
| #define HAVE_UNISTD_H 1
| #define HAVE_DLFCN_H 1
| #define LT_OBJDIR ".libs/"
| #define STDC_HEADERS 1
| #define TIME_WITH_SYS_TIME 1
| #define HAVE_STDBOOL_H 1
| #define HAVE_XLOCALE_H 1
| #define HAVE_ICONV 1
| #define HAVE_PREAD 1
| #define HAVE_PWRITE 1
| #define HAVE_DAEMON 1
| #define HAVE_DIRNAME 1
| #define HAVE_BASENAME 1
| #define HAVE_CANONICALIZE_FILE_NAME 1
| #define HAVE_STRCASECMP 1
| #define HAVE_LOCALTIME_R 1
| #define HAVE_POSIX_FALLOCATE 1
| #define HAVE_MEMMEM 1
| #define HAVE_STRSEP 1
| #define HAVE_STRTOLD 1
| #define HAVE_SYSLOG 1
| #define HAVE_VALLOC 1
| #define HAVE_GETPAGESIZE 1
| #define HAVE_POSIX_MEMALIGN 1
| #define HAVE_STATVFS 1
| #define HAVE_MKDTEMP 1
| #define HAVE_USELOCALE 1
| /* end confdefs.h.  */
| #include <pthread.h>
| int
| main ()
| {
| pthread_t th; pthread_join(th, 0);
|                      pthread_attr_init(0); pthread_cleanup_push(0, 0);
|                      pthread_create(0,0,0,0); pthread_cleanup_pop(0);
|   ;
|   return 0;
| }
configure:17577: result: no
configure:17485: checking whether pthreads work with -Kthread
configure:17568: gcc -o conftest -g -O2 -std=gnu99 -ggdb3 -Wall -W -Wpointer-arith -Wformat-security -Wundef -Wcast-align -Wstrict-prototypes -Wmissing-declarations -Wmissing-format-attribute -Wredundant-decls -Wnested-externs -Wunused-parameter -Wwrite-strings -Winline -Wfloat-equal -Kthread -D__powerpc -DNDEBUG  conftest.c   >&5
gcc: unrecognized option `-Kthread'
conftest.c:50: warning: function declaration isn't a prototype
conftest.c: In function `main':
conftest.c:51: warning: `th' might be used uninitialized in this function
/tmp/cc0qLVch.o(.text+0x18): In function `main':
/nfs/share/workspaces/transmission-2.93/conftest.c:51: undefined reference to `pthread_join'
/tmp/cc0qLVch.o(.text+0x30):/nfs/share/workspaces/transmission-2.93/conftest.c:52: undefined reference to `_pthread_cleanup_push'
/tmp/cc0qLVch.o(.text+0x44):/nfs/share/workspaces/transmission-2.93/conftest.c:53: undefined reference to `pthread_create'
/tmp/cc0qLVch.o(.text+0x50):/nfs/share/workspaces/transmission-2.93/conftest.c:53: undefined reference to `_pthread_cleanup_pop'
collect2: ld returned 1 exit status
configure:17568: $? = 1
configure: failed program was:
| /* confdefs.h */
| #define PACKAGE_NAME "transmission"
| #define PACKAGE_TARNAME "transmission"
| #define PACKAGE_VERSION "2.93"
| #define PACKAGE_STRING "transmission 2.93"
| #define PACKAGE_BUGREPORT "https://github.com/transmission/transmission"
| #define PACKAGE_URL ""
| #define PACKAGE "transmission"
| #define VERSION "2.93"
| #define STDC_HEADERS 1
| #define HAVE_SYS_TYPES_H 1
| #define HAVE_SYS_STAT_H 1
| #define HAVE_STDLIB_H 1
| #define HAVE_STRING_H 1
| #define HAVE_MEMORY_H 1
| #define HAVE_STRINGS_H 1
| #define HAVE_INTTYPES_H 1
| #define HAVE_STDINT_H 1
| #define HAVE_UNISTD_H 1
| #define HAVE_DLFCN_H 1
| #define LT_OBJDIR ".libs/"
| #define STDC_HEADERS 1
| #define TIME_WITH_SYS_TIME 1
| #define HAVE_STDBOOL_H 1
| #define HAVE_XLOCALE_H 1
| #define HAVE_ICONV 1
| #define HAVE_PREAD 1
| #define HAVE_PWRITE 1
| #define HAVE_DAEMON 1
| #define HAVE_DIRNAME 1
| #define HAVE_BASENAME 1
| #define HAVE_CANONICALIZE_FILE_NAME 1
| #define HAVE_STRCASECMP 1
| #define HAVE_LOCALTIME_R 1
| #define HAVE_POSIX_FALLOCATE 1
| #define HAVE_MEMMEM 1
| #define HAVE_STRSEP 1
| #define HAVE_STRTOLD 1
| #define HAVE_SYSLOG 1
| #define HAVE_VALLOC 1
| #define HAVE_GETPAGESIZE 1
| #define HAVE_POSIX_MEMALIGN 1
| #define HAVE_STATVFS 1
| #define HAVE_MKDTEMP 1
| #define HAVE_USELOCALE 1
| /* end confdefs.h.  */
| #include <pthread.h>
| int
| main ()
| {
| pthread_t th; pthread_join(th, 0);
|                      pthread_attr_init(0); pthread_cleanup_push(0, 0);
|                      pthread_create(0,0,0,0); pthread_cleanup_pop(0);
|   ;
|   return 0;
| }
configure:17577: result: no
configure:17485: checking whether pthreads work with -kthread
configure:17568: gcc -o conftest -g -O2 -std=gnu99 -ggdb3 -Wall -W -Wpointer-arith -Wformat-security -Wundef -Wcast-align -Wstrict-prototypes -Wmissing-declarations -Wmissing-format-attribute -Wredundant-decls -Wnested-externs -Wunused-parameter -Wwrite-strings -Winline -Wfloat-equal -kthread -D__powerpc -DNDEBUG  conftest.c   >&5
gcc: unrecognized option `-kthread'
conftest.c:50: warning: function declaration isn't a prototype
conftest.c: In function `main':
conftest.c:51: warning: `th' might be used uninitialized in this function
/tmp/ccGmBx1T.o(.text+0x18): In function `main':
/nfs/share/workspaces/transmission-2.93/conftest.c:51: undefined reference to `pthread_join'
/tmp/ccGmBx1T.o(.text+0x30):/nfs/share/workspaces/transmission-2.93/conftest.c:52: undefined reference to `_pthread_cleanup_push'
/tmp/ccGmBx1T.o(.text+0x44):/nfs/share/workspaces/transmission-2.93/conftest.c:53: undefined reference to `pthread_create'
/tmp/ccGmBx1T.o(.text+0x50):/nfs/share/workspaces/transmission-2.93/conftest.c:53: undefined reference to `_pthread_cleanup_pop'
collect2: ld returned 1 exit status
configure:17568: $? = 1
configure: failed program was:
| /* confdefs.h */
| #define PACKAGE_NAME "transmission"
| #define PACKAGE_TARNAME "transmission"
| #define PACKAGE_VERSION "2.93"
| #define PACKAGE_STRING "transmission 2.93"
| #define PACKAGE_BUGREPORT "https://github.com/transmission/transmission"
| #define PACKAGE_URL ""
| #define PACKAGE "transmission"
| #define VERSION "2.93"
| #define STDC_HEADERS 1
| #define HAVE_SYS_TYPES_H 1
| #define HAVE_SYS_STAT_H 1
| #define HAVE_STDLIB_H 1
| #define HAVE_STRING_H 1
| #define HAVE_MEMORY_H 1
| #define HAVE_STRINGS_H 1
| #define HAVE_INTTYPES_H 1
| #define HAVE_STDINT_H 1
| #define HAVE_UNISTD_H 1
| #define HAVE_DLFCN_H 1
| #define LT_OBJDIR ".libs/"
| #define STDC_HEADERS 1
| #define TIME_WITH_SYS_TIME 1
| #define HAVE_STDBOOL_H 1
| #define HAVE_XLOCALE_H 1
| #define HAVE_ICONV 1
| #define HAVE_PREAD 1
| #define HAVE_PWRITE 1
| #define HAVE_DAEMON 1
| #define HAVE_DIRNAME 1
| #define HAVE_BASENAME 1
| #define HAVE_CANONICALIZE_FILE_NAME 1
| #define HAVE_STRCASECMP 1
| #define HAVE_LOCALTIME_R 1
| #define HAVE_POSIX_FALLOCATE 1
| #define HAVE_MEMMEM 1
| #define HAVE_STRSEP 1
| #define HAVE_STRTOLD 1
| #define HAVE_SYSLOG 1
| #define HAVE_VALLOC 1
| #define HAVE_GETPAGESIZE 1
| #define HAVE_POSIX_MEMALIGN 1
| #define HAVE_STATVFS 1
| #define HAVE_MKDTEMP 1
| #define HAVE_USELOCALE 1
| /* end confdefs.h.  */
| #include <pthread.h>
| int
| main ()
| {
| pthread_t th; pthread_join(th, 0);
|                      pthread_attr_init(0); pthread_cleanup_push(0, 0);
|                      pthread_create(0,0,0,0); pthread_cleanup_pop(0);
|   ;
|   return 0;
| }
configure:17577: result: no
configure:17535: checking for the pthreads library -llthread
configure:17568: gcc -o conftest -g -O2 -std=gnu99 -ggdb3 -Wall -W -Wpointer-arith -Wformat-security -Wundef -Wcast-align -Wstrict-prototypes -Wmissing-declarations -Wmissing-format-attribute -Wredundant-decls -Wnested-externs -Wunused-parameter -Wwrite-strings -Winline -Wfloat-equal  -D__powerpc -DNDEBUG  conftest.c -llthread  >&5
conftest.c:50: warning: function declaration isn't a prototype
conftest.c: In function `main':
conftest.c:51: warning: `th' might be used uninitialized in this function
/opt/powerpc/lib/gcc-lib/powerpc-603e-linux/3.3.4/../../../../powerpc-603e-linux/bin/ld: cannot find -llthread
collect2: ld returned 1 exit status
configure:17568: $? = 1
configure: failed program was:
| /* confdefs.h */
| #define PACKAGE_NAME "transmission"
| #define PACKAGE_TARNAME "transmission"
| #define PACKAGE_VERSION "2.93"
| #define PACKAGE_STRING "transmission 2.93"
| #define PACKAGE_BUGREPORT "https://github.com/transmission/transmission"
| #define PACKAGE_URL ""
| #define PACKAGE "transmission"
| #define VERSION "2.93"
| #define STDC_HEADERS 1
| #define HAVE_SYS_TYPES_H 1
| #define HAVE_SYS_STAT_H 1
| #define HAVE_STDLIB_H 1
| #define HAVE_STRING_H 1
| #define HAVE_MEMORY_H 1
| #define HAVE_STRINGS_H 1
| #define HAVE_INTTYPES_H 1
| #define HAVE_STDINT_H 1
| #define HAVE_UNISTD_H 1
| #define HAVE_DLFCN_H 1
| #define LT_OBJDIR ".libs/"
| #define STDC_HEADERS 1
| #define TIME_WITH_SYS_TIME 1
| #define HAVE_STDBOOL_H 1
| #define HAVE_XLOCALE_H 1
| #define HAVE_ICONV 1
| #define HAVE_PREAD 1
| #define HAVE_PWRITE 1
| #define HAVE_DAEMON 1
| #define HAVE_DIRNAME 1
| #define HAVE_BASENAME 1
| #define HAVE_CANONICALIZE_FILE_NAME 1
| #define HAVE_STRCASECMP 1
| #define HAVE_LOCALTIME_R 1
| #define HAVE_POSIX_FALLOCATE 1
| #define HAVE_MEMMEM 1
| #define HAVE_STRSEP 1
| #define HAVE_STRTOLD 1
| #define HAVE_SYSLOG 1
| #define HAVE_VALLOC 1
| #define HAVE_GETPAGESIZE 1
| #define HAVE_POSIX_MEMALIGN 1
| #define HAVE_STATVFS 1
| #define HAVE_MKDTEMP 1
| #define HAVE_USELOCALE 1
| /* end confdefs.h.  */
| #include <pthread.h>
| int
| main ()
| {
| pthread_t th; pthread_join(th, 0);
|                      pthread_attr_init(0); pthread_cleanup_push(0, 0);
|                      pthread_create(0,0,0,0); pthread_cleanup_pop(0);
|   ;
|   return 0;
| }
configure:17577: result: no
configure:17485: checking whether pthreads work with -pthread
configure:17568: gcc -o conftest -g -O2 -std=gnu99 -ggdb3 -Wall -W -Wpointer-arith -Wformat-security -Wundef -Wcast-align -Wstrict-prototypes -Wmissing-declarations -Wmissing-format-attribute -Wredundant-decls -Wnested-externs -Wunused-parameter -Wwrite-strings -Winline -Wfloat-equal -pthread -D__powerpc -DNDEBUG  conftest.c   >&5
conftest.c:50: warning: function declaration isn't a prototype
conftest.c: In function `main':
conftest.c:51: warning: `th' might be used uninitialized in this function
configure:17568: $? = 0
configure:17577: result: yes
configure:17596: checking for joinable pthread attribute
configure:17611: gcc -o conftest -g -O2 -std=gnu99 -ggdb3 -Wall -W -Wpointer-arith -Wformat-security -Wundef -Wcast-align -Wstrict-prototypes -Wmissing-declarations -Wmissing-format-attribute -Wredundant-decls -Wnested-externs -Wunused-parameter -Wwrite-strings -Winline -Wfloat-equal -pthread -D__powerpc -DNDEBUG  conftest.c   >&5
conftest.c:50: warning: function declaration isn't a prototype
configure:17611: $? = 0
configure:17617: result: PTHREAD_CREATE_JOINABLE
configure:17627: checking if more special flags are required for pthreads
configure:17634: result: no
configure:17721: checking for library containing cos
configure:17752: gcc -o conftest -g -O2 -std=gnu99 -ggdb3 -Wall -W -Wpointer-arith -Wformat-security -Wundef -Wcast-align -Wstrict-prototypes -Wmissing-declarations -Wmissing-format-attribute -Wredundant-decls -Wnested-externs -Wunused-parameter -Wwrite-strings -Winline -Wfloat-equal -D__powerpc -DNDEBUG  conftest.c  >&5
conftest.c:55: warning: function declaration isn't a prototype
conftest.c:55: warning: conflicting types for built-in function `cos'
conftest.c:58: warning: function declaration isn't a prototype
/tmp/ccQhIOdJ.o(.text+0xc): In function `main':
/nfs/share/workspaces/transmission-2.93/conftest.c:59: undefined reference to `cos'
collect2: ld returned 1 exit status
configure:17752: $? = 1
configure: failed program was:
| /* confdefs.h */
| #define PACKAGE_NAME "transmission"
| #define PACKAGE_TARNAME "transmission"
| #define PACKAGE_VERSION "2.93"
| #define PACKAGE_STRING "transmission 2.93"
| #define PACKAGE_BUGREPORT "https://github.com/transmission/transmission"
| #define PACKAGE_URL ""
| #define PACKAGE "transmission"
| #define VERSION "2.93"
| #define STDC_HEADERS 1
| #define HAVE_SYS_TYPES_H 1
| #define HAVE_SYS_STAT_H 1
| #define HAVE_STDLIB_H 1
| #define HAVE_STRING_H 1
| #define HAVE_MEMORY_H 1
| #define HAVE_STRINGS_H 1
| #define HAVE_INTTYPES_H 1
| #define HAVE_STDINT_H 1
| #define HAVE_UNISTD_H 1
| #define HAVE_DLFCN_H 1
| #define LT_OBJDIR ".libs/"
| #define STDC_HEADERS 1
| #define TIME_WITH_SYS_TIME 1
| #define HAVE_STDBOOL_H 1
| #define HAVE_XLOCALE_H 1
| #define HAVE_ICONV 1
| #define HAVE_PREAD 1
| #define HAVE_PWRITE 1
| #define HAVE_DAEMON 1
| #define HAVE_DIRNAME 1
| #define HAVE_BASENAME 1
| #define HAVE_CANONICALIZE_FILE_NAME 1
| #define HAVE_STRCASECMP 1
| #define HAVE_LOCALTIME_R 1
| #define HAVE_POSIX_FALLOCATE 1
| #define HAVE_MEMMEM 1
| #define HAVE_STRSEP 1
| #define HAVE_STRTOLD 1
| #define HAVE_SYSLOG 1
| #define HAVE_VALLOC 1
| #define HAVE_GETPAGESIZE 1
| #define HAVE_POSIX_MEMALIGN 1
| #define HAVE_STATVFS 1
| #define HAVE_MKDTEMP 1
| #define HAVE_USELOCALE 1
| #define HAVE_PTHREAD 1
| /* end confdefs.h.  */
| 
| /* Override any GCC internal prototype to avoid an error.
|    Use char because int might match the return type of a GCC
|    builtin and then its argument prototype would still apply.  */
| #ifdef __cplusplus
| extern "C"
| #endif
| char cos ();
| int
| main ()
| {
| return cos ();
|   ;
|   return 0;
| }
configure:17752: gcc -o conftest -g -O2 -std=gnu99 -ggdb3 -Wall -W -Wpointer-arith -Wformat-security -Wundef -Wcast-align -Wstrict-prototypes -Wmissing-declarations -Wmissing-format-attribute -Wredundant-decls -Wnested-externs -Wunused-parameter -Wwrite-strings -Winline -Wfloat-equal -D__powerpc -DNDEBUG  conftest.c -lm   >&5
conftest.c:55: warning: function declaration isn't a prototype
conftest.c:55: warning: conflicting types for built-in function `cos'
conftest.c:58: warning: function declaration isn't a prototype
configure:17752: $? = 0
configure:17769: result: -lm
configure:17777: checking for library containing socket
configure:17808: gcc -o conftest -g -O2 -std=gnu99 -ggdb3 -Wall -W -Wpointer-arith -Wformat-security -Wundef -Wcast-align -Wstrict-prototypes -Wmissing-declarations -Wmissing-format-attribute -Wredundant-decls -Wnested-externs -Wunused-parameter -Wwrite-strings -Winline -Wfloat-equal -D__powerpc -DNDEBUG  conftest.c -lm  >&5
conftest.c:55: warning: function declaration isn't a prototype
conftest.c:58: warning: function declaration isn't a prototype
configure:17808: $? = 0
configure:17825: result: none required
configure:17833: checking for library containing gethostbyname
configure:17864: gcc -o conftest -g -O2 -std=gnu99 -ggdb3 -Wall -W -Wpointer-arith -Wformat-security -Wundef -Wcast-align -Wstrict-prototypes -Wmissing-declarations -Wmissing-format-attribute -Wredundant-decls -Wnested-externs -Wunused-parameter -Wwrite-strings -Winline -Wfloat-equal -D__powerpc -DNDEBUG  conftest.c -lm  >&5
conftest.c:55: warning: function declaration isn't a prototype
conftest.c:58: warning: function declaration isn't a prototype
configure:17864: $? = 0
configure:17881: result: none required
configure:17889: checking for library containing quotacursor_skipidtype
configure:17920: gcc -o conftest -g -O2 -std=gnu99 -ggdb3 -Wall -W -Wpointer-arith -Wformat-security -Wundef -Wcast-align -Wstrict-prototypes -Wmissing-declarations -Wmissing-format-attribute -Wredundant-decls -Wnested-externs -Wunused-parameter -Wwrite-strings -Winline -Wfloat-equal -D__powerpc -DNDEBUG  conftest.c -lm  >&5
conftest.c:55: warning: function declaration isn't a prototype
conftest.c:58: warning: function declaration isn't a prototype
/tmp/cc6nHcIS.o(.text+0xc): In function `main':
/nfs/share/workspaces/transmission-2.93/conftest.c:59: undefined reference to `quotacursor_skipidtype'
collect2: ld returned 1 exit status
configure:17920: $? = 1
configure: failed program was:
| /* confdefs.h */
| #define PACKAGE_NAME "transmission"
| #define PACKAGE_TARNAME "transmission"
| #define PACKAGE_VERSION "2.93"
| #define PACKAGE_STRING "transmission 2.93"
| #define PACKAGE_BUGREPORT "https://github.com/transmission/transmission"
| #define PACKAGE_URL ""
| #define PACKAGE "transmission"
| #define VERSION "2.93"
| #define STDC_HEADERS 1
| #define HAVE_SYS_TYPES_H 1
| #define HAVE_SYS_STAT_H 1
| #define HAVE_STDLIB_H 1
| #define HAVE_STRING_H 1
| #define HAVE_MEMORY_H 1
| #define HAVE_STRINGS_H 1
| #define HAVE_INTTYPES_H 1
| #define HAVE_STDINT_H 1
| #define HAVE_UNISTD_H 1
| #define HAVE_DLFCN_H 1
| #define LT_OBJDIR ".libs/"
| #define STDC_HEADERS 1
| #define TIME_WITH_SYS_TIME 1
| #define HAVE_STDBOOL_H 1
| #define HAVE_XLOCALE_H 1
| #define HAVE_ICONV 1
| #define HAVE_PREAD 1
| #define HAVE_PWRITE 1
| #define HAVE_DAEMON 1
| #define HAVE_DIRNAME 1
| #define HAVE_BASENAME 1
| #define HAVE_CANONICALIZE_FILE_NAME 1
| #define HAVE_STRCASECMP 1
| #define HAVE_LOCALTIME_R 1
| #define HAVE_POSIX_FALLOCATE 1
| #define HAVE_MEMMEM 1
| #define HAVE_STRSEP 1
| #define HAVE_STRTOLD 1
| #define HAVE_SYSLOG 1
| #define HAVE_VALLOC 1
| #define HAVE_GETPAGESIZE 1
| #define HAVE_POSIX_MEMALIGN 1
| #define HAVE_STATVFS 1
| #define HAVE_MKDTEMP 1
| #define HAVE_USELOCALE 1
| #define HAVE_PTHREAD 1
| /* end confdefs.h.  */
| 
| /* Override any GCC internal prototype to avoid an error.
|    Use char because int might match the return type of a GCC
|    builtin and then its argument prototype would still apply.  */
| #ifdef __cplusplus
| extern "C"
| #endif
| char quotacursor_skipidtype ();
| int
| main ()
| {
| return quotacursor_skipidtype ();
|   ;
|   return 0;
| }
configure:17920: gcc -o conftest -g -O2 -std=gnu99 -ggdb3 -Wall -W -Wpointer-arith -Wformat-security -Wundef -Wcast-align -Wstrict-prototypes -Wmissing-declarations -Wmissing-format-attribute -Wredundant-decls -Wnested-externs -Wunused-parameter -Wwrite-strings -Winline -Wfloat-equal -D__powerpc -DNDEBUG  conftest.c -lquota  -lm  >&5
conftest.c:55: warning: function declaration isn't a prototype
conftest.c:58: warning: function declaration isn't a prototype
/opt/powerpc/lib/gcc-lib/powerpc-603e-linux/3.3.4/../../../../powerpc-603e-linux/bin/ld: cannot find -lquota
collect2: ld returned 1 exit status
configure:17920: $? = 1
configure: failed program was:
| /* confdefs.h */
| #define PACKAGE_NAME "transmission"
| #define PACKAGE_TARNAME "transmission"
| #define PACKAGE_VERSION "2.93"
| #define PACKAGE_STRING "transmission 2.93"
| #define PACKAGE_BUGREPORT "https://github.com/transmission/transmission"
| #define PACKAGE_URL ""
| #define PACKAGE "transmission"
| #define VERSION "2.93"
| #define STDC_HEADERS 1
| #define HAVE_SYS_TYPES_H 1
| #define HAVE_SYS_STAT_H 1
| #define HAVE_STDLIB_H 1
| #define HAVE_STRING_H 1
| #define HAVE_MEMORY_H 1
| #define HAVE_STRINGS_H 1
| #define HAVE_INTTYPES_H 1
| #define HAVE_STDINT_H 1
| #define HAVE_UNISTD_H 1
| #define HAVE_DLFCN_H 1
| #define LT_OBJDIR ".libs/"
| #define STDC_HEADERS 1
| #define TIME_WITH_SYS_TIME 1
| #define HAVE_STDBOOL_H 1
| #define HAVE_XLOCALE_H 1
| #define HAVE_ICONV 1
| #define HAVE_PREAD 1
| #define HAVE_PWRITE 1
| #define HAVE_DAEMON 1
| #define HAVE_DIRNAME 1
| #define HAVE_BASENAME 1
| #define HAVE_CANONICALIZE_FILE_NAME 1
| #define HAVE_STRCASECMP 1
| #define HAVE_LOCALTIME_R 1
| #define HAVE_POSIX_FALLOCATE 1
| #define HAVE_MEMMEM 1
| #define HAVE_STRSEP 1
| #define HAVE_STRTOLD 1
| #define HAVE_SYSLOG 1
| #define HAVE_VALLOC 1
| #define HAVE_GETPAGESIZE 1
| #define HAVE_POSIX_MEMALIGN 1
| #define HAVE_STATVFS 1
| #define HAVE_MKDTEMP 1
| #define HAVE_USELOCALE 1
| #define HAVE_PTHREAD 1
| /* end confdefs.h.  */
| 
| /* Override any GCC internal prototype to avoid an error.
|    Use char because int might match the return type of a GCC
|    builtin and then its argument prototype would still apply.  */
| #ifdef __cplusplus
| extern "C"
| #endif
| char quotacursor_skipidtype ();
| int
| main ()
| {
| return quotacursor_skipidtype ();
|   ;
|   return 0;
| }
configure:17937: result: no
configure:17994: checking for pkg-config
configure:18012: found /opt/bin/pkg-config
configure:18024: result: /opt/bin/pkg-config
configure:18049: checking pkg-config is at least version 0.9.0
configure:18052: result: yes
configure:18063: checking for LIBCURL
configure:18147: result: yes
configure:18153: checking for LIBEVENT
configure:18237: result: yes
configure:18243: checking for ZLIB
configure:18327: result: yes
configure:18346: checking for OPENSSL
configure:18419: result: yes
configure:18784: checking for special C compiler options needed for large files
configure:18829: result: no
configure:18835: checking for _FILE_OFFSET_BITS value needed for large files
configure:18860: gcc -c -g -O2 -std=gnu99 -ggdb3 -Wall -W -Wpointer-arith -Wformat-security -Wundef -Wcast-align -Wstrict-prototypes -Wmissing-declarations -Wmissing-format-attribute -Wredundant-decls -Wnested-externs -Wunused-parameter -Wwrite-strings -Winline -Wfloat-equal -D__powerpc -DNDEBUG conftest.c >&5
conftest.c:56: error: size of array `off_t_is_large' is negative
conftest.c:59: warning: function declaration isn't a prototype
configure:18860: $? = 1
configure: failed program was:
| /* confdefs.h */
| #define PACKAGE_NAME "transmission"
| #define PACKAGE_TARNAME "transmission"
| #define PACKAGE_VERSION "2.93"
| #define PACKAGE_STRING "transmission 2.93"
| #define PACKAGE_BUGREPORT "https://github.com/transmission/transmission"
| #define PACKAGE_URL ""
| #define PACKAGE "transmission"
| #define VERSION "2.93"
| #define STDC_HEADERS 1
| #define HAVE_SYS_TYPES_H 1
| #define HAVE_SYS_STAT_H 1
| #define HAVE_STDLIB_H 1
| #define HAVE_STRING_H 1
| #define HAVE_MEMORY_H 1
| #define HAVE_STRINGS_H 1
| #define HAVE_INTTYPES_H 1
| #define HAVE_STDINT_H 1
| #define HAVE_UNISTD_H 1
| #define HAVE_DLFCN_H 1
| #define LT_OBJDIR ".libs/"
| #define STDC_HEADERS 1
| #define TIME_WITH_SYS_TIME 1
| #define HAVE_STDBOOL_H 1
| #define HAVE_XLOCALE_H 1
| #define HAVE_ICONV 1
| #define HAVE_PREAD 1
| #define HAVE_PWRITE 1
| #define HAVE_DAEMON 1
| #define HAVE_DIRNAME 1
| #define HAVE_BASENAME 1
| #define HAVE_CANONICALIZE_FILE_NAME 1
| #define HAVE_STRCASECMP 1
| #define HAVE_LOCALTIME_R 1
| #define HAVE_POSIX_FALLOCATE 1
| #define HAVE_MEMMEM 1
| #define HAVE_STRSEP 1
| #define HAVE_STRTOLD 1
| #define HAVE_SYSLOG 1
| #define HAVE_VALLOC 1
| #define HAVE_GETPAGESIZE 1
| #define HAVE_POSIX_MEMALIGN 1
| #define HAVE_STATVFS 1
| #define HAVE_MKDTEMP 1
| #define HAVE_USELOCALE 1
| #define HAVE_PTHREAD 1
| /* end confdefs.h.  */
| #include <sys/types.h>
|  /* Check that off_t can represent 2**63 - 1 correctly.
|     We can't simply define LARGE_OFF_T to be 9223372036854775807,
|     since some C++ compilers masquerading as C compilers
|     incorrectly reject 9223372036854775807.  */
| #define LARGE_OFF_T ((((off_t) 1 << 31) << 31) - 1 + (((off_t) 1 << 31) << 31))
|   int off_t_is_large[(LARGE_OFF_T % 2147483629 == 721
| 		       && LARGE_OFF_T % 2147483647 == 1)
| 		      ? 1 : -1];
| int
| main ()
| {
| 
|   ;
|   return 0;
| }
configure:18884: gcc -c -g -O2 -std=gnu99 -ggdb3 -Wall -W -Wpointer-arith -Wformat-security -Wundef -Wcast-align -Wstrict-prototypes -Wmissing-declarations -Wmissing-format-attribute -Wredundant-decls -Wnested-externs -Wunused-parameter -Wwrite-strings -Winline -Wfloat-equal -D__powerpc -DNDEBUG conftest.c >&5
conftest.c:60: warning: function declaration isn't a prototype
configure:18884: $? = 0
configure:18892: result: 64
configure:18980: checking for library containing getmntent
configure:19011: gcc -o conftest -g -O2 -std=gnu99 -ggdb3 -Wall -W -Wpointer-arith -Wformat-security -Wundef -Wcast-align -Wstrict-prototypes -Wmissing-declarations -Wmissing-format-attribute -Wredundant-decls -Wnested-externs -Wunused-parameter -Wwrite-strings -Winline -Wfloat-equal -D__powerpc -DNDEBUG  conftest.c -lm  >&5
conftest.c:56: warning: function declaration isn't a prototype
conftest.c:59: warning: function declaration isn't a prototype
configure:19011: $? = 0
configure:19028: result: none required
configure:19044: checking whether posix_fadvise is declared
configure:19044: gcc -c -g -O2 -std=gnu99 -ggdb3 -Wall -W -Wpointer-arith -Wformat-security -Wundef -Wcast-align -Wstrict-prototypes -Wmissing-declarations -Wmissing-format-attribute -Wredundant-decls -Wnested-externs -Wunused-parameter -Wwrite-strings -Winline -Wfloat-equal -D__powerpc -DNDEBUG conftest.c >&5
conftest.c:56: warning: function declaration isn't a prototype
configure:19044: $? = 0
configure:19044: result: yes
configure:19060: checking for posix_fadvise
configure:19060: gcc -o conftest -g -O2 -std=gnu99 -ggdb3 -Wall -W -Wpointer-arith -Wformat-security -Wundef -Wcast-align -Wstrict-prototypes -Wmissing-declarations -Wmissing-format-attribute -Wredundant-decls -Wnested-externs -Wunused-parameter -Wwrite-strings -Winline -Wfloat-equal -D__powerpc -DNDEBUG  conftest.c -lm  >&5
conftest.c:74: warning: function declaration isn't a prototype
conftest.c:84: warning: function declaration isn't a prototype
configure:19060: $? = 0
configure:19060: result: yes
configure:19082: checking sys/inotify.h usability
configure:19082: gcc -c -g -O2 -std=gnu99 -ggdb3 -Wall -W -Wpointer-arith -Wformat-security -Wundef -Wcast-align -Wstrict-prototypes -Wmissing-declarations -Wmissing-format-attribute -Wredundant-decls -Wnested-externs -Wunused-parameter -Wwrite-strings -Winline -Wfloat-equal -D__powerpc -DNDEBUG conftest.c >&5
conftest.c:85:25: sys/inotify.h: No such file or directory
configure:19082: $? = 1
configure: failed program was:
| /* confdefs.h */
| #define PACKAGE_NAME "transmission"
| #define PACKAGE_TARNAME "transmission"
| #define PACKAGE_VERSION "2.93"
| #define PACKAGE_STRING "transmission 2.93"
| #define PACKAGE_BUGREPORT "https://github.com/transmission/transmission"
| #define PACKAGE_URL ""
| #define PACKAGE "transmission"
| #define VERSION "2.93"
| #define STDC_HEADERS 1
| #define HAVE_SYS_TYPES_H 1
| #define HAVE_SYS_STAT_H 1
| #define HAVE_STDLIB_H 1
| #define HAVE_STRING_H 1
| #define HAVE_MEMORY_H 1
| #define HAVE_STRINGS_H 1
| #define HAVE_INTTYPES_H 1
| #define HAVE_STDINT_H 1
| #define HAVE_UNISTD_H 1
| #define HAVE_DLFCN_H 1
| #define LT_OBJDIR ".libs/"
| #define STDC_HEADERS 1
| #define TIME_WITH_SYS_TIME 1
| #define HAVE_STDBOOL_H 1
| #define HAVE_XLOCALE_H 1
| #define HAVE_ICONV 1
| #define HAVE_PREAD 1
| #define HAVE_PWRITE 1
| #define HAVE_DAEMON 1
| #define HAVE_DIRNAME 1
| #define HAVE_BASENAME 1
| #define HAVE_CANONICALIZE_FILE_NAME 1
| #define HAVE_STRCASECMP 1
| #define HAVE_LOCALTIME_R 1
| #define HAVE_POSIX_FALLOCATE 1
| #define HAVE_MEMMEM 1
| #define HAVE_STRSEP 1
| #define HAVE_STRTOLD 1
| #define HAVE_SYSLOG 1
| #define HAVE_VALLOC 1
| #define HAVE_GETPAGESIZE 1
| #define HAVE_POSIX_MEMALIGN 1
| #define HAVE_STATVFS 1
| #define HAVE_MKDTEMP 1
| #define HAVE_USELOCALE 1
| #define HAVE_PTHREAD 1
| #define _FILE_OFFSET_BITS 64
| #define HAVE_GETMNTENT 1
| #define HAVE_DECL_POSIX_FADVISE 1
| #define HAVE_POSIX_FADVISE 1
| /* end confdefs.h.  */
| #include <stdio.h>
| #ifdef HAVE_SYS_TYPES_H
| # include <sys/types.h>
| #endif
| #ifdef HAVE_SYS_STAT_H
| # include <sys/stat.h>
| #endif
| #ifdef STDC_HEADERS
| # include <stdlib.h>
| # include <stddef.h>
| #else
| # ifdef HAVE_STDLIB_H
| #  include <stdlib.h>
| # endif
| #endif
| #ifdef HAVE_STRING_H
| # if !defined STDC_HEADERS && defined HAVE_MEMORY_H
| #  include <memory.h>
| # endif
| # include <string.h>
| #endif
| #ifdef HAVE_STRINGS_H
| # include <strings.h>
| #endif
| #ifdef HAVE_INTTYPES_H
| # include <inttypes.h>
| #endif
| #ifdef HAVE_STDINT_H
| # include <stdint.h>
| #endif
| #ifdef HAVE_UNISTD_H
| # include <unistd.h>
| #endif
| #include <sys/inotify.h>
configure:19082: result: no
configure:19082: checking sys/inotify.h presence
configure:19082: gcc -E -D__powerpc -DNDEBUG conftest.c
conftest.c:52:25: sys/inotify.h: No such file or directory
configure:19082: $? = 1
configure: failed program was:
| /* confdefs.h */
| #define PACKAGE_NAME "transmission"
| #define PACKAGE_TARNAME "transmission"
| #define PACKAGE_VERSION "2.93"
| #define PACKAGE_STRING "transmission 2.93"
| #define PACKAGE_BUGREPORT "https://github.com/transmission/transmission"
| #define PACKAGE_URL ""
| #define PACKAGE "transmission"
| #define VERSION "2.93"
| #define STDC_HEADERS 1
| #define HAVE_SYS_TYPES_H 1
| #define HAVE_SYS_STAT_H 1
| #define HAVE_STDLIB_H 1
| #define HAVE_STRING_H 1
| #define HAVE_MEMORY_H 1
| #define HAVE_STRINGS_H 1
| #define HAVE_INTTYPES_H 1
| #define HAVE_STDINT_H 1
| #define HAVE_UNISTD_H 1
| #define HAVE_DLFCN_H 1
| #define LT_OBJDIR ".libs/"
| #define STDC_HEADERS 1
| #define TIME_WITH_SYS_TIME 1
| #define HAVE_STDBOOL_H 1
| #define HAVE_XLOCALE_H 1
| #define HAVE_ICONV 1
| #define HAVE_PREAD 1
| #define HAVE_PWRITE 1
| #define HAVE_DAEMON 1
| #define HAVE_DIRNAME 1
| #define HAVE_BASENAME 1
| #define HAVE_CANONICALIZE_FILE_NAME 1
| #define HAVE_STRCASECMP 1
| #define HAVE_LOCALTIME_R 1
| #define HAVE_POSIX_FALLOCATE 1
| #define HAVE_MEMMEM 1
| #define HAVE_STRSEP 1
| #define HAVE_STRTOLD 1
| #define HAVE_SYSLOG 1
| #define HAVE_VALLOC 1
| #define HAVE_GETPAGESIZE 1
| #define HAVE_POSIX_MEMALIGN 1
| #define HAVE_STATVFS 1
| #define HAVE_MKDTEMP 1
| #define HAVE_USELOCALE 1
| #define HAVE_PTHREAD 1
| #define _FILE_OFFSET_BITS 64
| #define HAVE_GETMNTENT 1
| #define HAVE_DECL_POSIX_FADVISE 1
| #define HAVE_POSIX_FADVISE 1
| /* end confdefs.h.  */
| #include <sys/inotify.h>
configure:19082: result: no
configure:19082: checking for sys/inotify.h
configure:19082: result: no
configure:19116: checking sys/event.h usability
configure:19116: gcc -c -g -O2 -std=gnu99 -ggdb3 -Wall -W -Wpointer-arith -Wformat-security -Wundef -Wcast-align -Wstrict-prototypes -Wmissing-declarations -Wmissing-format-attribute -Wredundant-decls -Wnested-externs -Wunused-parameter -Wwrite-strings -Winline -Wfloat-equal -D__powerpc -DNDEBUG conftest.c >&5
conftest.c:85:23: sys/event.h: No such file or directory
configure:19116: $? = 1
configure: failed program was:
| /* confdefs.h */
| #define PACKAGE_NAME "transmission"
| #define PACKAGE_TARNAME "transmission"
| #define PACKAGE_VERSION "2.93"
| #define PACKAGE_STRING "transmission 2.93"
| #define PACKAGE_BUGREPORT "https://github.com/transmission/transmission"
| #define PACKAGE_URL ""
| #define PACKAGE "transmission"
| #define VERSION "2.93"
| #define STDC_HEADERS 1
| #define HAVE_SYS_TYPES_H 1
| #define HAVE_SYS_STAT_H 1
| #define HAVE_STDLIB_H 1
| #define HAVE_STRING_H 1
| #define HAVE_MEMORY_H 1
| #define HAVE_STRINGS_H 1
| #define HAVE_INTTYPES_H 1
| #define HAVE_STDINT_H 1
| #define HAVE_UNISTD_H 1
| #define HAVE_DLFCN_H 1
| #define LT_OBJDIR ".libs/"
| #define STDC_HEADERS 1
| #define TIME_WITH_SYS_TIME 1
| #define HAVE_STDBOOL_H 1
| #define HAVE_XLOCALE_H 1
| #define HAVE_ICONV 1
| #define HAVE_PREAD 1
| #define HAVE_PWRITE 1
| #define HAVE_DAEMON 1
| #define HAVE_DIRNAME 1
| #define HAVE_BASENAME 1
| #define HAVE_CANONICALIZE_FILE_NAME 1
| #define HAVE_STRCASECMP 1
| #define HAVE_LOCALTIME_R 1
| #define HAVE_POSIX_FALLOCATE 1
| #define HAVE_MEMMEM 1
| #define HAVE_STRSEP 1
| #define HAVE_STRTOLD 1
| #define HAVE_SYSLOG 1
| #define HAVE_VALLOC 1
| #define HAVE_GETPAGESIZE 1
| #define HAVE_POSIX_MEMALIGN 1
| #define HAVE_STATVFS 1
| #define HAVE_MKDTEMP 1
| #define HAVE_USELOCALE 1
| #define HAVE_PTHREAD 1
| #define _FILE_OFFSET_BITS 64
| #define HAVE_GETMNTENT 1
| #define HAVE_DECL_POSIX_FADVISE 1
| #define HAVE_POSIX_FADVISE 1
| /* end confdefs.h.  */
| #include <stdio.h>
| #ifdef HAVE_SYS_TYPES_H
| # include <sys/types.h>
| #endif
| #ifdef HAVE_SYS_STAT_H
| # include <sys/stat.h>
| #endif
| #ifdef STDC_HEADERS
| # include <stdlib.h>
| # include <stddef.h>
| #else
| # ifdef HAVE_STDLIB_H
| #  include <stdlib.h>
| # endif
| #endif
| #ifdef HAVE_STRING_H
| # if !defined STDC_HEADERS && defined HAVE_MEMORY_H
| #  include <memory.h>
| # endif
| # include <string.h>
| #endif
| #ifdef HAVE_STRINGS_H
| # include <strings.h>
| #endif
| #ifdef HAVE_INTTYPES_H
| # include <inttypes.h>
| #endif
| #ifdef HAVE_STDINT_H
| # include <stdint.h>
| #endif
| #ifdef HAVE_UNISTD_H
| # include <unistd.h>
| #endif
| #include <sys/event.h>
configure:19116: result: no
configure:19116: checking sys/event.h presence
configure:19116: gcc -E -D__powerpc -DNDEBUG conftest.c
conftest.c:52:23: sys/event.h: No such file or directory
configure:19116: $? = 1
configure: failed program was:
| /* confdefs.h */
| #define PACKAGE_NAME "transmission"
| #define PACKAGE_TARNAME "transmission"
| #define PACKAGE_VERSION "2.93"
| #define PACKAGE_STRING "transmission 2.93"
| #define PACKAGE_BUGREPORT "https://github.com/transmission/transmission"
| #define PACKAGE_URL ""
| #define PACKAGE "transmission"
| #define VERSION "2.93"
| #define STDC_HEADERS 1
| #define HAVE_SYS_TYPES_H 1
| #define HAVE_SYS_STAT_H 1
| #define HAVE_STDLIB_H 1
| #define HAVE_STRING_H 1
| #define HAVE_MEMORY_H 1
| #define HAVE_STRINGS_H 1
| #define HAVE_INTTYPES_H 1
| #define HAVE_STDINT_H 1
| #define HAVE_UNISTD_H 1
| #define HAVE_DLFCN_H 1
| #define LT_OBJDIR ".libs/"
| #define STDC_HEADERS 1
| #define TIME_WITH_SYS_TIME 1
| #define HAVE_STDBOOL_H 1
| #define HAVE_XLOCALE_H 1
| #define HAVE_ICONV 1
| #define HAVE_PREAD 1
| #define HAVE_PWRITE 1
| #define HAVE_DAEMON 1
| #define HAVE_DIRNAME 1
| #define HAVE_BASENAME 1
| #define HAVE_CANONICALIZE_FILE_NAME 1
| #define HAVE_STRCASECMP 1
| #define HAVE_LOCALTIME_R 1
| #define HAVE_POSIX_FALLOCATE 1
| #define HAVE_MEMMEM 1
| #define HAVE_STRSEP 1
| #define HAVE_STRTOLD 1
| #define HAVE_SYSLOG 1
| #define HAVE_VALLOC 1
| #define HAVE_GETPAGESIZE 1
| #define HAVE_POSIX_MEMALIGN 1
| #define HAVE_STATVFS 1
| #define HAVE_MKDTEMP 1
| #define HAVE_USELOCALE 1
| #define HAVE_PTHREAD 1
| #define _FILE_OFFSET_BITS 64
| #define HAVE_GETMNTENT 1
| #define HAVE_DECL_POSIX_FADVISE 1
| #define HAVE_POSIX_FADVISE 1
| /* end confdefs.h.  */
| #include <sys/event.h>
configure:19116: result: no
configure:19116: checking for sys/event.h
configure:19116: result: no
configure:19145: checking sys/statvfs.h usability
configure:19145: gcc -c -g -O2 -std=gnu99 -ggdb3 -Wall -W -Wpointer-arith -Wformat-security -Wundef -Wcast-align -Wstrict-prototypes -Wmissing-declarations -Wmissing-format-attribute -Wredundant-decls -Wnested-externs -Wunused-parameter -Wwrite-strings -Winline -Wfloat-equal -D__powerpc -DNDEBUG conftest.c >&5
configure:19145: $? = 0
configure:19145: result: yes
configure:19145: checking sys/statvfs.h presence
configure:19145: gcc -E -D__powerpc -DNDEBUG conftest.c
configure:19145: $? = 0
configure:19145: result: yes
configure:19145: checking for sys/statvfs.h
configure:19145: result: yes
configure:19145: checking xfs/xfs.h usability
configure:19145: gcc -c -g -O2 -std=gnu99 -ggdb3 -Wall -W -Wpointer-arith -Wformat-security -Wundef -Wcast-align -Wstrict-prototypes -Wmissing-declarations -Wmissing-format-attribute -Wredundant-decls -Wnested-externs -Wunused-parameter -Wwrite-strings -Winline -Wfloat-equal -D__powerpc -DNDEBUG conftest.c >&5
conftest.c:86:21: xfs/xfs.h: No such file or directory
configure:19145: $? = 1
configure: failed program was:
| /* confdefs.h */
| #define PACKAGE_NAME "transmission"
| #define PACKAGE_TARNAME "transmission"
| #define PACKAGE_VERSION "2.93"
| #define PACKAGE_STRING "transmission 2.93"
| #define PACKAGE_BUGREPORT "https://github.com/transmission/transmission"
| #define PACKAGE_URL ""
| #define PACKAGE "transmission"
| #define VERSION "2.93"
| #define STDC_HEADERS 1
| #define HAVE_SYS_TYPES_H 1
| #define HAVE_SYS_STAT_H 1
| #define HAVE_STDLIB_H 1
| #define HAVE_STRING_H 1
| #define HAVE_MEMORY_H 1
| #define HAVE_STRINGS_H 1
| #define HAVE_INTTYPES_H 1
| #define HAVE_STDINT_H 1
| #define HAVE_UNISTD_H 1
| #define HAVE_DLFCN_H 1
| #define LT_OBJDIR ".libs/"
| #define STDC_HEADERS 1
| #define TIME_WITH_SYS_TIME 1
| #define HAVE_STDBOOL_H 1
| #define HAVE_XLOCALE_H 1
| #define HAVE_ICONV 1
| #define HAVE_PREAD 1
| #define HAVE_PWRITE 1
| #define HAVE_DAEMON 1
| #define HAVE_DIRNAME 1
| #define HAVE_BASENAME 1
| #define HAVE_CANONICALIZE_FILE_NAME 1
| #define HAVE_STRCASECMP 1
| #define HAVE_LOCALTIME_R 1
| #define HAVE_POSIX_FALLOCATE 1
| #define HAVE_MEMMEM 1
| #define HAVE_STRSEP 1
| #define HAVE_STRTOLD 1
| #define HAVE_SYSLOG 1
| #define HAVE_VALLOC 1
| #define HAVE_GETPAGESIZE 1
| #define HAVE_POSIX_MEMALIGN 1
| #define HAVE_STATVFS 1
| #define HAVE_MKDTEMP 1
| #define HAVE_USELOCALE 1
| #define HAVE_PTHREAD 1
| #define _FILE_OFFSET_BITS 64
| #define HAVE_GETMNTENT 1
| #define HAVE_DECL_POSIX_FADVISE 1
| #define HAVE_POSIX_FADVISE 1
| #define HAVE_SYS_STATVFS_H 1
| /* end confdefs.h.  */
| #include <stdio.h>
| #ifdef HAVE_SYS_TYPES_H
| # include <sys/types.h>
| #endif
| #ifdef HAVE_SYS_STAT_H
| # include <sys/stat.h>
| #endif
| #ifdef STDC_HEADERS
| # include <stdlib.h>
| # include <stddef.h>
| #else
| # ifdef HAVE_STDLIB_H
| #  include <stdlib.h>
| # endif
| #endif
| #ifdef HAVE_STRING_H
| # if !defined STDC_HEADERS && defined HAVE_MEMORY_H
| #  include <memory.h>
| # endif
| # include <string.h>
| #endif
| #ifdef HAVE_STRINGS_H
| # include <strings.h>
| #endif
| #ifdef HAVE_INTTYPES_H
| # include <inttypes.h>
| #endif
| #ifdef HAVE_STDINT_H
| # include <stdint.h>
| #endif
| #ifdef HAVE_UNISTD_H
| # include <unistd.h>
| #endif
| #include <xfs/xfs.h>
configure:19145: result: no
configure:19145: checking xfs/xfs.h presence
configure:19145: gcc -E -D__powerpc -DNDEBUG conftest.c
conftest.c:53:21: xfs/xfs.h: No such file or directory
configure:19145: $? = 1
configure: failed program was:
| /* confdefs.h */
| #define PACKAGE_NAME "transmission"
| #define PACKAGE_TARNAME "transmission"
| #define PACKAGE_VERSION "2.93"
| #define PACKAGE_STRING "transmission 2.93"
| #define PACKAGE_BUGREPORT "https://github.com/transmission/transmission"
| #define PACKAGE_URL ""
| #define PACKAGE "transmission"
| #define VERSION "2.93"
| #define STDC_HEADERS 1
| #define HAVE_SYS_TYPES_H 1
| #define HAVE_SYS_STAT_H 1
| #define HAVE_STDLIB_H 1
| #define HAVE_STRING_H 1
| #define HAVE_MEMORY_H 1
| #define HAVE_STRINGS_H 1
| #define HAVE_INTTYPES_H 1
| #define HAVE_STDINT_H 1
| #define HAVE_UNISTD_H 1
| #define HAVE_DLFCN_H 1
| #define LT_OBJDIR ".libs/"
| #define STDC_HEADERS 1
| #define TIME_WITH_SYS_TIME 1
| #define HAVE_STDBOOL_H 1
| #define HAVE_XLOCALE_H 1
| #define HAVE_ICONV 1
| #define HAVE_PREAD 1
| #define HAVE_PWRITE 1
| #define HAVE_DAEMON 1
| #define HAVE_DIRNAME 1
| #define HAVE_BASENAME 1
| #define HAVE_CANONICALIZE_FILE_NAME 1
| #define HAVE_STRCASECMP 1
| #define HAVE_LOCALTIME_R 1
| #define HAVE_POSIX_FALLOCATE 1
| #define HAVE_MEMMEM 1
| #define HAVE_STRSEP 1
| #define HAVE_STRTOLD 1
| #define HAVE_SYSLOG 1
| #define HAVE_VALLOC 1
| #define HAVE_GETPAGESIZE 1
| #define HAVE_POSIX_MEMALIGN 1
| #define HAVE_STATVFS 1
| #define HAVE_MKDTEMP 1
| #define HAVE_USELOCALE 1
| #define HAVE_PTHREAD 1
| #define _FILE_OFFSET_BITS 64
| #define HAVE_GETMNTENT 1
| #define HAVE_DECL_POSIX_FADVISE 1
| #define HAVE_POSIX_FADVISE 1
| #define HAVE_SYS_STATVFS_H 1
| /* end confdefs.h.  */
| #include <xfs/xfs.h>
configure:19145: result: no
configure:19145: checking for xfs/xfs.h
configure:19145: result: no
configure:19172: checking for SYSTEMD_DAEMON
configure:19180: $PKG_CONFIG --exists --print-errors "libsystemd-daemon"
Package libsystemd-daemon was not found in the pkg-config search path.
Perhaps you should add the directory containing `libsystemd-daemon.pc'
to the PKG_CONFIG_PATH environment variable
No package 'libsystemd-daemon' found
configure:19183: $? = 1
configure:19198: $PKG_CONFIG --exists --print-errors "libsystemd-daemon"
Package libsystemd-daemon was not found in the pkg-config search path.
Perhaps you should add the directory containing `libsystemd-daemon.pc'
to the PKG_CONFIG_PATH environment variable
No package 'libsystemd-daemon' found
configure:19201: $? = 1

configure:19229: result: no
configure:19320: checking for clock_gettime in -lrt
configure:19345: gcc -o conftest -g -O2 -std=gnu99 -ggdb3 -Wall -W -Wpointer-arith -Wformat-security -Wundef -Wcast-align -Wstrict-prototypes -Wmissing-declarations -Wmissing-format-attribute -Wredundant-decls -Wnested-externs -Wunused-parameter -Wwrite-strings -Winline -Wfloat-equal -D__powerpc -DNDEBUG  conftest.c -lrt  -lm  >&5
conftest.c:60: warning: function declaration isn't a prototype
conftest.c:63: warning: function declaration isn't a prototype
configure:19345: $? = 0
configure:19354: result: yes
configure:19363: checking TP
configure:19380: gcc -o conftest -g -O2 -std=gnu99 -ggdb3 -Wall -W -Wpointer-arith -Wformat-security -Wundef -Wcast-align -Wstrict-prototypes -Wmissing-declarations -Wmissing-format-attribute -Wredundant-decls -Wnested-externs -Wunused-parameter -Wwrite-strings -Winline -Wfloat-equal -D__powerpc -DNDEBUG  conftest.c -lutp >&5
conftest.c:53:24: libutp/utp.h: No such file or directory
conftest.c:56: warning: function declaration isn't a prototype
conftest.c: In function `main':
conftest.c:57: error: storage size of `func' isn't known
conftest.c:57: warning: unused variable `func'
configure:19380: $? = 1
configure: failed program was:
| /* confdefs.h */
| #define PACKAGE_NAME "transmission"
| #define PACKAGE_TARNAME "transmission"
| #define PACKAGE_VERSION "2.93"
| #define PACKAGE_STRING "transmission 2.93"
| #define PACKAGE_BUGREPORT "https://github.com/transmission/transmission"
| #define PACKAGE_URL ""
| #define PACKAGE "transmission"
| #define VERSION "2.93"
| #define STDC_HEADERS 1
| #define HAVE_SYS_TYPES_H 1
| #define HAVE_SYS_STAT_H 1
| #define HAVE_STDLIB_H 1
| #define HAVE_STRING_H 1
| #define HAVE_MEMORY_H 1
| #define HAVE_STRINGS_H 1
| #define HAVE_INTTYPES_H 1
| #define HAVE_STDINT_H 1
| #define HAVE_UNISTD_H 1
| #define HAVE_DLFCN_H 1
| #define LT_OBJDIR ".libs/"
| #define STDC_HEADERS 1
| #define TIME_WITH_SYS_TIME 1
| #define HAVE_STDBOOL_H 1
| #define HAVE_XLOCALE_H 1
| #define HAVE_ICONV 1
| #define HAVE_PREAD 1
| #define HAVE_PWRITE 1
| #define HAVE_DAEMON 1
| #define HAVE_DIRNAME 1
| #define HAVE_BASENAME 1
| #define HAVE_CANONICALIZE_FILE_NAME 1
| #define HAVE_STRCASECMP 1
| #define HAVE_LOCALTIME_R 1
| #define HAVE_POSIX_FALLOCATE 1
| #define HAVE_MEMMEM 1
| #define HAVE_STRSEP 1
| #define HAVE_STRTOLD 1
| #define HAVE_SYSLOG 1
| #define HAVE_VALLOC 1
| #define HAVE_GETPAGESIZE 1
| #define HAVE_POSIX_MEMALIGN 1
| #define HAVE_STATVFS 1
| #define HAVE_MKDTEMP 1
| #define HAVE_USELOCALE 1
| #define HAVE_PTHREAD 1
| #define _FILE_OFFSET_BITS 64
| #define HAVE_GETMNTENT 1
| #define HAVE_DECL_POSIX_FADVISE 1
| #define HAVE_POSIX_FADVISE 1
| #define HAVE_SYS_STATVFS_H 1
| /* end confdefs.h.  */
| #include <libutp/utp.h>
| int
| main ()
| {
| struct UTPFunctionTable func;
|   ;
|   return 0;
| }
configure:19437: result: yes
configure:19444: checking system miniupnpc library
configure:19458: gcc -o conftest -g -O2 -std=gnu99 -ggdb3 -Wall -W -Wpointer-arith -Wformat-security -Wundef -Wcast-align -Wstrict-prototypes -Wmissing-declarations -Wmissing-format-attribute -Wredundant-decls -Wnested-externs -Wunused-parameter -Wwrite-strings -Winline -Wfloat-equal -D__powerpc -DNDEBUG  conftest.c -lminiupnpc >&5
conftest.c:54:33: miniupnpc/miniupnpc.h: No such file or directory
conftest.c:57: warning: function declaration isn't a prototype
conftest.c: In function `main':
conftest.c:58: error: storage size of `dev' isn't known
conftest.c:58: warning: unused variable `dev'
configure:19458: $? = 1
configure: failed program was:
| /* confdefs.h */
| #define PACKAGE_NAME "transmission"
| #define PACKAGE_TARNAME "transmission"
| #define PACKAGE_VERSION "2.93"
| #define PACKAGE_STRING "transmission 2.93"
| #define PACKAGE_BUGREPORT "https://github.com/transmission/transmission"
| #define PACKAGE_URL ""
| #define PACKAGE "transmission"
| #define VERSION "2.93"
| #define STDC_HEADERS 1
| #define HAVE_SYS_TYPES_H 1
| #define HAVE_SYS_STAT_H 1
| #define HAVE_STDLIB_H 1
| #define HAVE_STRING_H 1
| #define HAVE_MEMORY_H 1
| #define HAVE_STRINGS_H 1
| #define HAVE_INTTYPES_H 1
| #define HAVE_STDINT_H 1
| #define HAVE_UNISTD_H 1
| #define HAVE_DLFCN_H 1
| #define LT_OBJDIR ".libs/"
| #define STDC_HEADERS 1
| #define TIME_WITH_SYS_TIME 1
| #define HAVE_STDBOOL_H 1
| #define HAVE_XLOCALE_H 1
| #define HAVE_ICONV 1
| #define HAVE_PREAD 1
| #define HAVE_PWRITE 1
| #define HAVE_DAEMON 1
| #define HAVE_DIRNAME 1
| #define HAVE_BASENAME 1
| #define HAVE_CANONICALIZE_FILE_NAME 1
| #define HAVE_STRCASECMP 1
| #define HAVE_LOCALTIME_R 1
| #define HAVE_POSIX_FALLOCATE 1
| #define HAVE_MEMMEM 1
| #define HAVE_STRSEP 1
| #define HAVE_STRTOLD 1
| #define HAVE_SYSLOG 1
| #define HAVE_VALLOC 1
| #define HAVE_GETPAGESIZE 1
| #define HAVE_POSIX_MEMALIGN 1
| #define HAVE_STATVFS 1
| #define HAVE_MKDTEMP 1
| #define HAVE_USELOCALE 1
| #define HAVE_PTHREAD 1
| #define _FILE_OFFSET_BITS 64
| #define HAVE_GETMNTENT 1
| #define HAVE_DECL_POSIX_FADVISE 1
| #define HAVE_POSIX_FADVISE 1
| #define HAVE_SYS_STATVFS_H 1
| #define WITH_UTP 1
| /* end confdefs.h.  */
| #include <miniupnpc/miniupnpc.h>
| int
| main ()
| {
| struct UPNPDev dev;
|   ;
|   return 0;
| }
configure:19582: result: none
configure:19654: $PKG_CONFIG --exists --print-errors "gtk+-3.0 >= $GTK_MINIMUM
                  glib-2.0 >= $GLIB_MINIMUM
                  gio-2.0 >= $GIO_MINIMUM,
                  gmodule-2.0 >= $GLIB_MINIMUM
                  gthread-2.0 >= $GLIB_MINIMUM"
Package gtk+-3.0 was not found in the pkg-config search path.
Perhaps you should add the directory containing `gtk+-3.0.pc'
to the PKG_CONFIG_PATH environment variable
No package 'gtk+-3.0' found
configure:19661: $? = 1
configure:21497: checking that generated files are newer than configure
configure:21503: result: done
configure:21606: creating ./config.status

## ---------------------- ##
## Running config.status. ##
## ---------------------- ##

This file was extended by transmission config.status 2.93, which was
generated by GNU Autoconf 2.69.  Invocation command line was

  CONFIG_FILES    = 
  CONFIG_HEADERS  = 
  CONFIG_LINKS    = 
  CONFIG_COMMANDS = 
  $ ./config.status 

on MyBookLive

config.status:1242: creating Makefile
config.status:1242: creating transmission-gtk.spec
config.status:1242: creating cli/Makefile
config.status:1242: creating daemon/Makefile
config.status:1242: creating extras/Makefile
config.status:1242: creating libtransmission/Makefile
config.status:1242: creating utils/Makefile
config.status:1242: creating third-party/Makefile
config.status:1242: creating third-party/dht/Makefile
config.status:1242: creating third-party/libb64/Makefile
config.status:1242: creating third-party/libutp/Makefile
config.status:1242: creating third-party/libnatpmp/Makefile
config.status:1242: creating third-party/miniupnp/Makefile
config.status:1242: creating macosx/Makefile
config.status:1242: creating gtk/Makefile
config.status:1242: creating gtk/icons/Makefile
config.status:1242: creating qt/config.pri
config.status:1242: creating web/Makefile
config.status:1242: creating web/images/Makefile
config.status:1242: creating web/style/Makefile
config.status:1242: creating web/style/jqueryui/Makefile
config.status:1242: creating web/style/jqueryui/images/Makefile
config.status:1242: creating web/style/transmission/Makefile
config.status:1242: creating web/style/transmission/images/Makefile
config.status:1242: creating web/style/transmission/images/buttons/Makefile
config.status:1242: creating web/javascript/Makefile
config.status:1242: creating web/javascript/jquery/Makefile
config.status:1242: creating po/Makefile.in
config.status:1414: executing depfiles commands
config.status:1414: executing libtool commands
config.status:1414: executing po/stamp-it commands

## ---------------- ##
## Cache variables. ##
## ---------------- ##

ac_cv_build=powerpc-unknown-linux-gnu
ac_cv_c_compiler_gnu=yes
ac_cv_c_inline=inline
ac_cv_cxx_compiler_gnu=yes
ac_cv_env_CCC_set=
ac_cv_env_CCC_value=
ac_cv_env_CC_set=
ac_cv_env_CC_value=
ac_cv_env_CFLAGS_set=
ac_cv_env_CFLAGS_value=
ac_cv_env_CPPFLAGS_set=set
ac_cv_env_CPPFLAGS_value=-D__powerpc
ac_cv_env_CPP_set=
ac_cv_env_CPP_value=
ac_cv_env_CXXCPP_set=
ac_cv_env_CXXCPP_value=
ac_cv_env_CXXFLAGS_set=
ac_cv_env_CXXFLAGS_value=
ac_cv_env_CXX_set=
ac_cv_env_CXX_value=
ac_cv_env_CYASSL_CFLAGS_set=
ac_cv_env_CYASSL_CFLAGS_value=
ac_cv_env_CYASSL_LIBS_set=
ac_cv_env_CYASSL_LIBS_value=
ac_cv_env_GTK_CFLAGS_set=
ac_cv_env_GTK_CFLAGS_value=
ac_cv_env_GTK_LIBS_set=
ac_cv_env_GTK_LIBS_value=
ac_cv_env_LDFLAGS_set=
ac_cv_env_LDFLAGS_value=
ac_cv_env_LIBAPPINDICATOR_CFLAGS_set=
ac_cv_env_LIBAPPINDICATOR_CFLAGS_value=
ac_cv_env_LIBAPPINDICATOR_LIBS_set=
ac_cv_env_LIBAPPINDICATOR_LIBS_value=
ac_cv_env_LIBCURL_CFLAGS_set=set
ac_cv_env_LIBCURL_CFLAGS_value=-I/opt/include
ac_cv_env_LIBCURL_LIBS_set=set
ac_cv_env_LIBCURL_LIBS_value='-L/opt/lib -lcurl'
ac_cv_env_LIBEVENT_CFLAGS_set=set
ac_cv_env_LIBEVENT_CFLAGS_value=-I/opt/include
ac_cv_env_LIBEVENT_LIBS_set=set
ac_cv_env_LIBEVENT_LIBS_value='-L/opt/lib -levent'
ac_cv_env_LIBS_set=
ac_cv_env_LIBS_value=
ac_cv_env_LT_SYS_LIBRARY_PATH_set=
ac_cv_env_LT_SYS_LIBRARY_PATH_value=
ac_cv_env_OPENSSL_CFLAGS_set=set
ac_cv_env_OPENSSL_CFLAGS_value=-I/opt/include
ac_cv_env_OPENSSL_LIBS_set=set
ac_cv_env_OPENSSL_LIBS_value='-L/opt/lib -lssl -lcrypto -ldl'
ac_cv_env_PKG_CONFIG_set=
ac_cv_env_PKG_CONFIG_value=
ac_cv_env_SYSTEMD_DAEMON_CFLAGS_set=
ac_cv_env_SYSTEMD_DAEMON_CFLAGS_value=
ac_cv_env_SYSTEMD_DAEMON_LIBS_set=
ac_cv_env_SYSTEMD_DAEMON_LIBS_value=
ac_cv_env_WOLFSSL_CFLAGS_set=
ac_cv_env_WOLFSSL_CFLAGS_value=
ac_cv_env_WOLFSSL_LIBS_set=
ac_cv_env_WOLFSSL_LIBS_value=
ac_cv_env_ZLIB_CFLAGS_set=set
ac_cv_env_ZLIB_CFLAGS_value=-I/opt/include
ac_cv_env_ZLIB_LIBS_set=set
ac_cv_env_ZLIB_LIBS_value='-L/opt/lib -lz'
ac_cv_env_build_alias_set=
ac_cv_env_build_alias_value=
ac_cv_env_host_alias_set=
ac_cv_env_host_alias_value=
ac_cv_env_target_alias_set=
ac_cv_env_target_alias_value=
ac_cv_func__configthreadlocale=no
ac_cv_func_basename=yes
ac_cv_func_canonicalize_file_name=yes
ac_cv_func_daemon=yes
ac_cv_func_dirname=yes
ac_cv_func_fallocate64=no
ac_cv_func_getmntent=yes
ac_cv_func_getpagesize=yes
ac_cv_func_htonll=no
ac_cv_func_iconv=yes
ac_cv_func_localtime_r=yes
ac_cv_func_lrintf=no
ac_cv_func_memmem=yes
ac_cv_func_mkdtemp=yes
ac_cv_func_ntohll=no
ac_cv_func_posix_fadvise=yes
ac_cv_func_posix_fallocate=yes
ac_cv_func_posix_memalign=yes
ac_cv_func_pread=yes
ac_cv_func_pwrite=yes
ac_cv_func_statvfs=yes
ac_cv_func_strcasecmp=yes
ac_cv_func_strlcpy=no
ac_cv_func_strsep=yes
ac_cv_func_strtold=yes
ac_cv_func_syslog=yes
ac_cv_func_uselocale=yes
ac_cv_func_valloc=yes
ac_cv_have_decl_posix_fadvise=yes
ac_cv_header_dlfcn_h=yes
ac_cv_header_inttypes_h=yes
ac_cv_header_memory_h=yes
ac_cv_header_stdbool_h=yes
ac_cv_header_stdc=yes
ac_cv_header_stdint_h=yes
ac_cv_header_stdlib_h=yes
ac_cv_header_string_h=yes
ac_cv_header_strings_h=yes
ac_cv_header_sys_event_h=no
ac_cv_header_sys_inotify_h=no
ac_cv_header_sys_stat_h=yes
ac_cv_header_sys_statvfs_h=yes
ac_cv_header_sys_types_h=yes
ac_cv_header_time=yes
ac_cv_header_unistd_h=yes
ac_cv_header_xfs_xfs_h=no
ac_cv_header_xlocale_h=yes
ac_cv_host=powerpc-unknown-linux-gnu
ac_cv_lib_m_cos=yes
ac_cv_lib_rt_clock_gettime=yes
ac_cv_objext=o
ac_cv_path_EGREP='/bin/grep -E'
ac_cv_path_FGREP='/bin/grep -F'
ac_cv_path_GREP=/bin/grep
ac_cv_path_SED=/bin/sed
ac_cv_path_ac_pt_PKG_CONFIG=/opt/bin/pkg-config
ac_cv_path_install='/usr/bin/install -c'
ac_cv_path_lt_DD=/bin/dd
ac_cv_path_mkdir=/bin/mkdir
ac_cv_prog_AWK=gawk
ac_cv_prog_CPP='gcc -E'
ac_cv_prog_CXXCPP='g++ -E'
ac_cv_prog_ac_ct_AR=ar
ac_cv_prog_ac_ct_CC=gcc
ac_cv_prog_ac_ct_CXX=g++
ac_cv_prog_ac_ct_MANIFEST_TOOL=mt
ac_cv_prog_ac_ct_OBJDUMP=objdump
ac_cv_prog_ac_ct_RANLIB=ranlib
ac_cv_prog_ac_ct_STRIP=strip
ac_cv_prog_cc_c89=
ac_cv_prog_cc_g=yes
ac_cv_prog_cxx_g=yes
ac_cv_prog_make_make_set=yes
ac_cv_search_cos=-lm
ac_cv_search_gethostbyname='none required'
ac_cv_search_getmntent='none required'
ac_cv_search_quotacursor_skipidtype=no
ac_cv_search_socket='none required'
ac_cv_sys_file_offset_bits=64
ac_cv_sys_largefile_CC=no
am_cv_CC_dependencies_compiler_type=gcc3
am_cv_CXX_dependencies_compiler_type=gcc3
am_cv_make_support_nested_variables=yes
am_cv_prog_cc_c_o=yes
am_cv_prog_tar_pax=gnutar
lt_cv_ar_at_file=@
lt_cv_archive_cmds_need_lc=no
lt_cv_deplibs_check_method=pass_all
lt_cv_file_magic_cmd='$MAGIC_CMD'
lt_cv_file_magic_test_file=
lt_cv_ld_reload_flag=-r
lt_cv_nm_interface='BSD nm'
lt_cv_objdir=.libs
lt_cv_path_LD=/opt/powerpc/powerpc-603e-linux/bin/ld
lt_cv_path_LDCXX=/opt/powerpc/powerpc-603e-linux/bin/ld
lt_cv_path_NM='/usr/bin/nm -B'
lt_cv_path_mainfest_tool=no
lt_cv_prog_compiler_c_o=yes
lt_cv_prog_compiler_c_o_CXX=yes
lt_cv_prog_compiler_pic='-fPIC -DPIC'
lt_cv_prog_compiler_pic_CXX='-fPIC -DPIC'
lt_cv_prog_compiler_pic_works=yes
lt_cv_prog_compiler_pic_works_CXX=yes
lt_cv_prog_compiler_rtti_exceptions=no
lt_cv_prog_compiler_static_works=yes
lt_cv_prog_compiler_static_works_CXX=yes
lt_cv_prog_gnu_ld=yes
lt_cv_prog_gnu_ldcxx=yes
lt_cv_sharedlib_from_linklib_cmd='printf %s\n'
lt_cv_shlibpath_overrides_runpath=no
lt_cv_sys_global_symbol_pipe='sed -n -e '\''s/^.*[	 ]\([ABCDGIRSTW][ABCDGIRSTW]*\)[	 ][	 ]*\([_A-Za-z][_A-Za-z0-9]*\)$/\1 \2 \2/p'\'' | sed '\''/ __gnu_lto/d'\'''
lt_cv_sys_global_symbol_to_c_name_address='sed -n -e '\''s/^: \(.*\) .*$/  {"\1", (void *) 0},/p'\'' -e '\''s/^[ABCDGIRSTW][ABCDGIRSTW]* .* \(.*\)$/  {"\1", (void *) \&\1},/p'\'''
lt_cv_sys_global_symbol_to_c_name_address_lib_prefix='sed -n -e '\''s/^: \(.*\) .*$/  {"\1", (void *) 0},/p'\'' -e '\''s/^[ABCDGIRSTW][ABCDGIRSTW]* .* \(lib.*\)$/  {"\1", (void *) \&\1},/p'\'' -e '\''s/^[ABCDGIRSTW][ABCDGIRSTW]* .* \(.*\)$/  {"lib\1", (void *) \&\1},/p'\'''
lt_cv_sys_global_symbol_to_cdecl='sed -n -e '\''s/^T .* \(.*\)$/extern int \1();/p'\'' -e '\''s/^[ABCDGIRSTW][ABCDGIRSTW]* .* \(.*\)$/extern char \1;/p'\'''
lt_cv_sys_global_symbol_to_import=
lt_cv_sys_max_cmd_len=1572864
lt_cv_to_host_file_cmd=func_convert_file_noop
lt_cv_to_tool_file_cmd=func_convert_file_noop
lt_cv_truncate_bin='/bin/dd bs=4096 count=1'
pkg_cv_LIBCURL_CFLAGS=-I/opt/include
pkg_cv_LIBCURL_LIBS='-L/opt/lib -lcurl'
pkg_cv_LIBEVENT_CFLAGS=-I/opt/include
pkg_cv_LIBEVENT_LIBS='-L/opt/lib -levent'
pkg_cv_OPENSSL_CFLAGS=-I/opt/include
pkg_cv_OPENSSL_LIBS='-L/opt/lib -lssl -lcrypto -ldl'
pkg_cv_ZLIB_CFLAGS=-I/opt/include
pkg_cv_ZLIB_LIBS='-L/opt/lib -lz'

## ----------------- ##
## Output variables. ##
## ----------------- ##

ACLOCAL='${SHELL} /nfs/share/workspaces/transmission-2.93/missing aclocal-1.15'
ALL_LINGUAS=''
AMDEPBACKSLASH='\'
AMDEP_FALSE='#'
AMDEP_TRUE=''
AMTAR='$${TAR-tar}'
AM_BACKSLASH='\'
AM_DEFAULT_V='$(AM_DEFAULT_VERBOSITY)'
AM_DEFAULT_VERBOSITY='0'
AM_V='$(V)'
AR='ar'
AUTOCONF='${SHELL} /nfs/share/workspaces/transmission-2.93/missing autoconf'
AUTOHEADER='${SHELL} /nfs/share/workspaces/transmission-2.93/missing autoheader'
AUTOMAKE='${SHELL} /nfs/share/workspaces/transmission-2.93/missing automake-1.15'
AWK='gawk'
BUILD_B64_FALSE='#'
BUILD_B64_TRUE=''
BUILD_CLI_FALSE=''
BUILD_CLI_TRUE='#'
BUILD_DAEMON_FALSE='#'
BUILD_DAEMON_TRUE=''
BUILD_DHT_FALSE='#'
BUILD_DHT_TRUE=''
BUILD_GTK_FALSE=''
BUILD_GTK_TRUE='#'
BUILD_MAC_FALSE=''
BUILD_MAC_TRUE='#'
BUILD_MINIUPNP_FALSE='#'
BUILD_MINIUPNP_TRUE=''
BUILD_NATPMP_FALSE='#'
BUILD_NATPMP_TRUE=''
BUILD_UTP_FALSE='#'
BUILD_UTP_TRUE=''
CATALOGS=''
CATOBJEXT=''
CC='gcc'
CCDEPMODE='depmode=gcc3'
CFLAGS='-g -O2 -std=gnu99 -ggdb3 -Wall -W -Wpointer-arith -Wformat-security -Wundef -Wcast-align -Wstrict-prototypes -Wmissing-declarations -Wmissing-format-attribute -Wredundant-decls -Wnested-externs -Wunused-parameter -Wwrite-strings -Winline -Wfloat-equal'
CPP='gcc -E'
CPPFLAGS='-D__powerpc -DNDEBUG'
CRYPTO_CFLAGS='-I/opt/include'
CRYPTO_LIBS='-L/opt/lib -lssl -lcrypto -ldl'
CRYPTO_PKG='openssl'
CRYPTO_USE_CYASSL_FALSE=''
CRYPTO_USE_CYASSL_TRUE='#'
CRYPTO_USE_OPENSSL_FALSE='#'
CRYPTO_USE_OPENSSL_TRUE=''
CRYPTO_USE_POLARSSL_FALSE=''
CRYPTO_USE_POLARSSL_TRUE='#'
CURL_MINIMUM='7.15.4'
CXX='g++'
CXXCPP='g++ -E'
CXXDEPMODE='depmode=gcc3'
CXXFLAGS='-g -O2'
CYASSL_CFLAGS=''
CYASSL_LIBS=''
CYASSL_MINIMUM='3.0'
CYGPATH_W='echo'
DATADIRNAME=''
DEFS='-DPACKAGE_NAME=\"transmission\" -DPACKAGE_TARNAME=\"transmission\" -DPACKAGE_VERSION=\"2.93\" -DPACKAGE_STRING=\"transmission\ 2.93\" -DPACKAGE_BUGREPORT=\"https://github.com/transmission/transmission\" -DPACKAGE_URL=\"\" -DPACKAGE=\"transmission\" -DVERSION=\"2.93\" -DSTDC_HEADERS=1 -DHAVE_SYS_TYPES_H=1 -DHAVE_SYS_STAT_H=1 -DHAVE_STDLIB_H=1 -DHAVE_STRING_H=1 -DHAVE_MEMORY_H=1 -DHAVE_STRINGS_H=1 -DHAVE_INTTYPES_H=1 -DHAVE_STDINT_H=1 -DHAVE_UNISTD_H=1 -DHAVE_DLFCN_H=1 -DLT_OBJDIR=\".libs/\" -DSTDC_HEADERS=1 -DTIME_WITH_SYS_TIME=1 -DHAVE_STDBOOL_H=1 -DHAVE_XLOCALE_H=1 -DHAVE_ICONV=1 -DHAVE_PREAD=1 -DHAVE_PWRITE=1 -DHAVE_DAEMON=1 -DHAVE_DIRNAME=1 -DHAVE_BASENAME=1 -DHAVE_CANONICALIZE_FILE_NAME=1 -DHAVE_STRCASECMP=1 -DHAVE_LOCALTIME_R=1 -DHAVE_POSIX_FALLOCATE=1 -DHAVE_MEMMEM=1 -DHAVE_STRSEP=1 -DHAVE_STRTOLD=1 -DHAVE_SYSLOG=1 -DHAVE_VALLOC=1 -DHAVE_GETPAGESIZE=1 -DHAVE_POSIX_MEMALIGN=1 -DHAVE_STATVFS=1 -DHAVE_MKDTEMP=1 -DHAVE_USELOCALE=1 -DHAVE_PTHREAD=1 -D_FILE_OFFSET_BITS=64 -DHAVE_GETMNTENT=1 -DHAVE_DECL_POSIX_FADVISE=1 -DHAVE_POSIX_FADVISE=1 -DHAVE_SYS_STATVFS_H=1 -DWITH_UTP=1'
DEPDIR='.deps'
DHT_CFLAGS='-I$(top_srcdir)/third-party/dht'
DHT_LIBS='$(top_builddir)/third-party/dht/libdht.a'
DHT_LIBS_QT='$${TRANSMISSION_TOP}/third-party/dht/libdht.a'
DLLTOOL='false'
DSYMUTIL=''
DUMPBIN=''
ECHO_C=''
ECHO_N='-n'
ECHO_T=''
EGREP='/bin/grep -E'
EXEEXT=''
FGREP='/bin/grep -F'
GETTEXT_PACKAGE=''
GIO_MINIMUM='2.26.0'
GLIB_MINIMUM='2.32.0'
GMOFILES=''
GMSGFMT=''
GREP='/bin/grep'
GTK_CFLAGS=''
GTK_LIBS=''
GTK_MINIMUM='3.4.0'
HAVE_REVISION_FILE_FALSE='#'
HAVE_REVISION_FILE_TRUE=''
INSTALL_DATA='${INSTALL} -m 644'
INSTALL_PROGRAM='${INSTALL}'
INSTALL_SCRIPT='${INSTALL}'
INSTALL_STRIP_PROGRAM='$(install_sh) -c -s'
INSTOBJEXT=''
INTLLIBS=''
INTLTOOL_CAVES_RULE=''
INTLTOOL_DESKTOP_RULE=''
INTLTOOL_DIRECTORY_RULE=''
INTLTOOL_EXTRACT=''
INTLTOOL_KBD_RULE=''
INTLTOOL_KEYS_RULE=''
INTLTOOL_MERGE=''
INTLTOOL_OAF_RULE=''
INTLTOOL_PERL=''
INTLTOOL_POLICY_RULE=''
INTLTOOL_PONG_RULE=''
INTLTOOL_PROP_RULE=''
INTLTOOL_SCHEMAS_RULE=''
INTLTOOL_SERVER_RULE=''
INTLTOOL_SERVICE_RULE=''
INTLTOOL_SHEET_RULE=''
INTLTOOL_SOUNDLIST_RULE=''
INTLTOOL_THEME_RULE=''
INTLTOOL_UI_RULE=''
INTLTOOL_UPDATE=''
INTLTOOL_V_MERGE=''
INTLTOOL_V_MERGE_OPTIONS=''
INTLTOOL_XAM_RULE=''
INTLTOOL_XML_NOMERGE_RULE=''
INTLTOOL_XML_RULE=''
INTLTOOL__v_MERGE_0=''
INTLTOOL__v_MERGE_=''
LD='/opt/powerpc/powerpc-603e-linux/bin/ld'
LDFLAGS=''
LIBAPPINDICATOR_CFLAGS=''
LIBAPPINDICATOR_LIBS=''
LIBAPPINDICATOR_MINIMUM='0.4.90'
LIBB64_CFLAGS='-I$(top_srcdir)/third-party/libb64'
LIBB64_LIBS='$(top_builddir)/third-party/libb64/libb64.a'
LIBB64_LIBS_QT='$${TRANSMISSION_TOP}/third-party/libb64/libb64.a'
LIBCURL_CFLAGS='-I/opt/include'
LIBCURL_LIBS='-L/opt/lib -lcurl'
LIBEVENT_CFLAGS='-I/opt/include'
LIBEVENT_LIBS='-L/opt/lib -levent'
LIBEVENT_MINIMUM='2.0.10'
LIBM='-lm'
LIBNATPMP_CFLAGS='-I$(top_srcdir)/third-party/libnatpmp/'
LIBNATPMP_LIBS='$(top_builddir)/third-party/libnatpmp/libnatpmp.a'
LIBNATPMP_LIBS_QT='$${TRANSMISSION_TOP}/third-party/libnatpmp/libnatpmp.a'
LIBOBJS=''
LIBS='-lm '
LIBTOOL='$(SHELL) $(top_builddir)/libtool'
LIBUPNP_CFLAGS='-I$(top_srcdir)/third-party/'
LIBUPNP_LIBS='$(top_builddir)/third-party/miniupnp/libminiupnp.a'
LIBUPNP_LIBS_QT='$${TRANSMISSION_TOP}/third-party/miniupnp/libminiupnp.a'
LIBUTP_CFLAGS='-I$(top_srcdir)/third-party/'
LIBUTP_LIBS='$(top_builddir)/third-party/libutp/libutp.a -lrt'
LIBUTP_LIBS_QT='$${TRANSMISSION_TOP}/third-party/libutp/libutp.a -lrt'
LIPO=''
LN_S='ln -s'
LTLIBOBJS=''
LT_SYS_LIBRARY_PATH=''
MAKEINFO='${SHELL} /nfs/share/workspaces/transmission-2.93/missing makeinfo'
MANIFEST_TOOL=':'
MKDIR_P='/bin/mkdir -p'
MKINSTALLDIRS=''
MSGFMT=''
MSGMERGE=''
NM='/usr/bin/nm -B'
NMEDIT=''
OBJDUMP='objdump'
OBJEXT='o'
OPENSSL_CFLAGS='-I/opt/include'
OPENSSL_LIBS='-L/opt/lib -lssl -lcrypto -ldl'
OPENSSL_MINIMUM='0.9.7'
OTOOL64=''
OTOOL=''
PACKAGE='transmission'
PACKAGE_BUGREPORT='https://github.com/transmission/transmission'
PACKAGE_NAME='transmission'
PACKAGE_STRING='transmission 2.93'
PACKAGE_TARNAME='transmission'
PACKAGE_URL=''
PACKAGE_VERSION='2.93'
PATH_SEPARATOR=':'
PEERID_PREFIX='-TR2930-'
PKG_CONFIG='/opt/bin/pkg-config'
POFILES=''
POLARSSL_MINIMUM='0x01020000'
POSUB=''
PO_IN_DATADIR_FALSE=''
PO_IN_DATADIR_TRUE=''
PTHREAD_CC='gcc'
PTHREAD_CFLAGS='-pthread'
PTHREAD_LIBS=''
RANLIB='ranlib'
SED='/bin/sed'
SET_MAKE=''
SHELL='/bin/sh'
STRIP='strip'
SYSTEMD_DAEMON_CFLAGS=''
SYSTEMD_DAEMON_LIBS=''
TR_UNSTABLE_FALSE=''
TR_UNSTABLE_TRUE='#'
USERAGENT_PREFIX='2.93'
USE_INOTIFY_FALSE=''
USE_INOTIFY_TRUE='#'
USE_KQUEUE_FALSE=''
USE_KQUEUE_TRUE='#'
USE_NLS=''
VERSION='2.93'
WIN32_FALSE=''
WIN32_TRUE='#'
WINDRES=''
WOLFSSL_CFLAGS=''
WOLFSSL_LIBS=''
XGETTEXT=''
ZLIB_CFLAGS='-I/opt/include'
ZLIB_LIBS='-L/opt/lib -lz'
ZLIB_MINIMUM='1.2.3'
ac_ct_AR='ar'
ac_ct_CC='gcc'
ac_ct_CXX='g++'
ac_ct_DUMPBIN=''
acx_pthread_config=''
am__EXEEXT_FALSE=''
am__EXEEXT_TRUE='#'
am__fastdepCC_FALSE='#'
am__fastdepCC_TRUE=''
am__fastdepCXX_FALSE='#'
am__fastdepCXX_TRUE=''
am__include='include'
am__isrc=''
am__leading_dot='.'
am__nodep='_no'
am__quote=''
am__tar='tar --format=posix -chf - "$$tardir"'
am__untar='tar -xf -'
bindir='${exec_prefix}/bin'
build='powerpc-unknown-linux-gnu'
build_alias=''
build_cpu='powerpc'
build_os='linux-gnu'
build_vendor='unknown'
datadir='${datarootdir}'
datarootdir='${prefix}/share'
docdir='${datarootdir}/doc/${PACKAGE_TARNAME}'
dvidir='${docdir}'
exec_prefix='${prefix}'
host='powerpc-unknown-linux-gnu'
host_alias=''
host_cpu='powerpc'
host_os='linux-gnu'
host_vendor='unknown'
htmldir='${docdir}'
includedir='${prefix}/include'
infodir='${datarootdir}/info'
install_sh='${SHELL} /nfs/share/workspaces/transmission-2.93/install-sh'
intltool__v_merge_options_0=''
intltool__v_merge_options_=''
libdir='${exec_prefix}/lib'
libexecdir='${exec_prefix}/libexec'
localedir='${datarootdir}/locale'
localstatedir='${prefix}/var'
mandir='${datarootdir}/man'
mkdir_p='$(MKDIR_P)'
oldincludedir='/usr/include'
pdfdir='${docdir}'
prefix='/usr/local'
program_transform_name='s,x,x,'
psdir='${docdir}'
runstatedir='${localstatedir}/run'
sbindir='${exec_prefix}/sbin'
sharedstatedir='${prefix}/com'
sysconfdir='${prefix}/etc'
target_alias=''
transmissionlocaledir=''

## ----------- ##
## confdefs.h. ##
## ----------- ##

/* confdefs.h */
#define PACKAGE_NAME "transmission"
#define PACKAGE_TARNAME "transmission"
#define PACKAGE_VERSION "2.93"
#define PACKAGE_STRING "transmission 2.93"
#define PACKAGE_BUGREPORT "https://github.com/transmission/transmission"
#define PACKAGE_URL ""
#define PACKAGE "transmission"
#define VERSION "2.93"
#define STDC_HEADERS 1
#define HAVE_SYS_TYPES_H 1
#define HAVE_SYS_STAT_H 1
#define HAVE_STDLIB_H 1
#define HAVE_STRING_H 1
#define HAVE_MEMORY_H 1
#define HAVE_STRINGS_H 1
#define HAVE_INTTYPES_H 1
#define HAVE_STDINT_H 1
#define HAVE_UNISTD_H 1
#define HAVE_DLFCN_H 1
#define LT_OBJDIR ".libs/"
#define STDC_HEADERS 1
#define TIME_WITH_SYS_TIME 1
#define HAVE_STDBOOL_H 1
#define HAVE_XLOCALE_H 1
#define HAVE_ICONV 1
#define HAVE_PREAD 1
#define HAVE_PWRITE 1
#define HAVE_DAEMON 1
#define HAVE_DIRNAME 1
#define HAVE_BASENAME 1
#define HAVE_CANONICALIZE_FILE_NAME 1
#define HAVE_STRCASECMP 1
#define HAVE_LOCALTIME_R 1
#define HAVE_POSIX_FALLOCATE 1
#define HAVE_MEMMEM 1
#define HAVE_STRSEP 1
#define HAVE_STRTOLD 1
#define HAVE_SYSLOG 1
#define HAVE_VALLOC 1
#define HAVE_GETPAGESIZE 1
#define HAVE_POSIX_MEMALIGN 1
#define HAVE_STATVFS 1
#define HAVE_MKDTEMP 1
#define HAVE_USELOCALE 1
#define HAVE_PTHREAD 1
#define _FILE_OFFSET_BITS 64
#define HAVE_GETMNTENT 1
#define HAVE_DECL_POSIX_FADVISE 1
#define HAVE_POSIX_FADVISE 1
#define HAVE_SYS_STATVFS_H 1
#define WITH_UTP 1

configure: exit 0
